Active-HDL 10.2.3312.5682  2016-05-18 15:13:13

Elaboration top modules:
Architecture                  behavior(testbench)


--------------------------------------------------------------------------------------------
Entity    | Architecture | Library | Info | Compiler Version          | Compilation Options
--------------------------------------------------------------------------------------------
testbench | behavior     | work    |      | 10.2.3312.5682  (Windows) | -O3
--------------------------------------------------------------------------------------------

--------------------------------------------------------------------------------------------
VHDL Package             | Library | Info | Compiler Version          | Compilation Options
--------------------------------------------------------------------------------------------
standard                 | std     |      |                           | <unavailable>
TEXTIO                   | std     |      | 10.2.3312.5682  (Windows) |  -2008
std_logic_1164           | ieee    |      | 10.2.3312.5682  (Windows) |  -2008
NUMERIC_STD              | ieee    |      | 10.2.3312.5682  (Windows) |  -2008
--------------------------------------------------------------------------------------------

--------------------------------------------------------------------------------------------
Library                  | Comment
--------------------------------------------------------------------------------------------
ieee                     | Standard IEEE packages library
std                      | Standard VHDL library
work                     | None
--------------------------------------------------------------------------------------------
