
             Lattice Mapping Report File for Design Module 'main'


Design Information
------------------

Command line:   map -a MachXO2 -p LCMXO2-7000HE -t TQFP144 -s 5 -oc Commercial
     SonyVivazLCDDriver_impl1.ngd -o SonyVivazLCDDriver_impl1_map.ncd -pr
     SonyVivazLCDDriver_impl1.prf -mp SonyVivazLCDDriver_impl1.mrp -lpf
     Z:/GITHUB/Lattice/Sony Vivaz LCD driver/impl1/SonyVivazLCDDriver_impl1.lpf
     -lpf Z:/GITHUB/Lattice/Sony Vivaz LCD driver/SonyVivazLCDDriver.lpf -c 0
     -gui -msgset Z:/GITHUB/Lattice/Sony Vivaz LCD driver/promote.xml 
Target Vendor:  LATTICE
Target Device:  LCMXO2-7000HETQFP144
Target Performance:   5
Mapper:  xo2c00,  version:  Diamond (64-bit) 3.7.0.96.1
Mapped on:  05/13/16  10:13:00

Design Summary
--------------

   Number of registers:     31 out of  7209 (0%)
      PFU registers:           31 out of  6864 (0%)
      PIO registers:            0 out of   345 (0%)
   Number of SLICEs:        25 out of  3432 (1%)
      SLICEs as Logic/ROM:     25 out of  3432 (1%)
      SLICEs as RAM:            0 out of  2574 (0%)
      SLICEs as Carry:         17 out of  3432 (0%)
   Number of LUT4s:         49 out of  6864 (1%)
      Number used as logic LUTs:         15
      Number used as distributed RAM:     0
      Number used as ripple logic:       34
      Number used as shift registers:     0
   Number of PIO sites used: 13 + 4(JTAG) out of 115 (15%)
   Number of block RAMs:  0 out of 26 (0%)
   Number of GSRs:  0 out of 1 (0%)
   EFB used :       No
   JTAG used :      No
   Readback used :  No
   Oscillator used :  Yes
   Startup used :   No
   POR :            On
   Bandgap :        On
   Number of Power Controller:  0 out of 1 (0%)
   Number of Dynamic Bank Controller (BCINRD):  0 out of 6 (0%)
   Number of Dynamic Bank Controller (BCLVDSO):  0 out of 1 (0%)
   Number of DCCA:  0 out of 8 (0%)
   Number of DCMA:  0 out of 2 (0%)
   Number of PLLs:  0 out of 2 (0%)
   Number of DQSDLLs:  0 out of 2 (0%)
   Number of CLKDIVC:  0 out of 4 (0%)
   Number of ECLKSYNCA:  0 out of 4 (0%)
   Number of ECLKBRIDGECS:  0 out of 2 (0%)
   Notes:-
      1. Total number of LUT4s = (Number of logic LUT4s) + 2*(Number of
     distributed RAMs) + 2*(Number of ripple logic)
      2. Number of logic LUT4s does not include count of distributed RAM and
     ripple logic.
   Number of clocks:  1
     Net clk133: 17 loads, 17 rising, 0 falling (Driver: inst_clk )
   Number of Clock Enables:  1

                                    Page 1




Design:  main                                          Date:  05/13/16  10:13:00

Design Summary (cont)
---------------------
     Net clk133_enable_8: 5 loads, 5 LSLICEs
   Number of LSRs:  1
     Net clk133_enable_8: 12 loads, 12 LSLICEs
   Number of nets driven by tri-state buffers:  0
   Top 10 highest fanout non-clock nets:
     Net clk133_enable_8: 17 loads
     Net counter_0: 2 loads
     Net counter_7: 2 loads
     Net count_10: 2 loads
     Net count_11: 2 loads
     Net count_12: 2 loads
     Net count_20: 2 loads
     Net count_21: 2 loads
     Net count_22: 2 loads
     Net count_6: 2 loads




   Number of warnings:  22
   Number of errors:    0
     

Design Errors/Warnings
----------------------

WARNING - map: Z:/GITHUB/Lattice/Sony Vivaz LCD
     driver/SonyVivazLCDDriver.lpf(11): Semantic error in "LOCATE COMP
     "lcd_db[14]" SITE "47" ;": COMP "lcd_db[14]" cannot be found in design.
     This preference has been disabled.
WARNING - map: Z:/GITHUB/Lattice/Sony Vivaz LCD
     driver/SonyVivazLCDDriver.lpf(12): Semantic error in "LOCATE COMP
     "lcd_db[12]" SITE "50" ;": COMP "lcd_db[12]" cannot be found in design.
     This preference has been disabled.
WARNING - map: Z:/GITHUB/Lattice/Sony Vivaz LCD
     driver/SonyVivazLCDDriver.lpf(13): Semantic error in "LOCATE COMP
     "lcd_db[10]" SITE "48" ;": COMP "lcd_db[10]" cannot be found in design.
     This preference has been disabled.
WARNING - map: Z:/GITHUB/Lattice/Sony Vivaz LCD
     driver/SonyVivazLCDDriver.lpf(14): Semantic error in "LOCATE COMP
     "lcd_db[8]" SITE "55" ;": COMP "lcd_db[8]" cannot be found in design. This
     preference has been disabled.
WARNING - map: Z:/GITHUB/Lattice/Sony Vivaz LCD
     driver/SonyVivazLCDDriver.lpf(15): Semantic error in "LOCATE COMP
     "lcd_db[6]" SITE "52" ;": COMP "lcd_db[6]" cannot be found in design. This
     preference has been disabled.
WARNING - map: Z:/GITHUB/Lattice/Sony Vivaz LCD
     driver/SonyVivazLCDDriver.lpf(16): Semantic error in "LOCATE COMP
     "lcd_db[4]" SITE "56" ;": COMP "lcd_db[4]" cannot be found in design. This
     preference has been disabled.
WARNING - map: Z:/GITHUB/Lattice/Sony Vivaz LCD
     driver/SonyVivazLCDDriver.lpf(17): Semantic error in "LOCATE COMP
     "lcd_db[2]" SITE "54" ;": COMP "lcd_db[2]" cannot be found in design. This
     preference has been disabled.
WARNING - map: Z:/GITHUB/Lattice/Sony Vivaz LCD
     driver/SonyVivazLCDDriver.lpf(18): Semantic error in "LOCATE COMP

                                    Page 2




Design:  main                                          Date:  05/13/16  10:13:00

Design Errors/Warnings (cont)
-----------------------------
     "lcd_db[0]" SITE "59" ;": COMP "lcd_db[0]" cannot be found in design. This
     preference has been disabled.
WARNING - map: Z:/GITHUB/Lattice/Sony Vivaz LCD
     driver/SonyVivazLCDDriver.lpf(20): Semantic error in "LOCATE COMP
     "lcd_db[15]" SITE "69" ;": COMP "lcd_db[15]" cannot be found in design.
     This preference has been disabled.
WARNING - map: Z:/GITHUB/Lattice/Sony Vivaz LCD
     driver/SonyVivazLCDDriver.lpf(21): Semantic error in "LOCATE COMP
     "lcd_db[13]" SITE "71" ;": COMP "lcd_db[13]" cannot be found in design.
     This preference has been disabled.
WARNING - map: Z:/GITHUB/Lattice/Sony Vivaz LCD
     driver/SonyVivazLCDDriver.lpf(22): Semantic error in "LOCATE COMP
     "lcd_db[11]" SITE "68" ;": COMP "lcd_db[11]" cannot be found in design.
     This preference has been disabled.
WARNING - map: Z:/GITHUB/Lattice/Sony Vivaz LCD
     driver/SonyVivazLCDDriver.lpf(23): Semantic error in "LOCATE COMP
     "lcd_db[9]" SITE "70" ;": COMP "lcd_db[9]" cannot be found in design. This
     preference has been disabled.
WARNING - map: Z:/GITHUB/Lattice/Sony Vivaz LCD
     driver/SonyVivazLCDDriver.lpf(24): Semantic error in "LOCATE COMP
     "lcd_db[7]" SITE "62" ;": COMP "lcd_db[7]" cannot be found in design. This
     preference has been disabled.
WARNING - map: Z:/GITHUB/Lattice/Sony Vivaz LCD
     driver/SonyVivazLCDDriver.lpf(25): Semantic error in "LOCATE COMP
     "lcd_db[5]" SITE "67" ;": COMP "lcd_db[5]" cannot be found in design. This
     preference has been disabled.
WARNING - map: Z:/GITHUB/Lattice/Sony Vivaz LCD
     driver/SonyVivazLCDDriver.lpf(26): Semantic error in "LOCATE COMP
     "lcd_db[1]" SITE "65" ;": COMP "lcd_db[1]" cannot be found in design. This
     preference has been disabled.
WARNING - map: Z:/GITHUB/Lattice/Sony Vivaz LCD
     driver/SonyVivazLCDDriver.lpf(30): Semantic error in "LOCATE COMP
     "lcd_db[3]" SITE "61" ;": COMP "lcd_db[3]" cannot be found in design. This
     preference has been disabled.
WARNING - map: Preference parsing results:  16 semantic errors detected.
WARNING - map: input pad net 'clk' has no legal load.
WARNING - map: input pad net 'reset' has no legal load.
WARNING - map: IO buffer missing for top level port clk...logic will be
     discarded.
WARNING - map: IO buffer missing for top level port reset...logic will be
     discarded.
WARNING - map: There are semantic errors in the preference file
     Z:/GITHUB/Lattice/Sony Vivaz LCD driver/SonyVivazLCDDriver.lpf.

IO (PIO) Attributes
-------------------

+---------------------+-----------+-----------+------------+
| IO Name             | Direction | Levelmode | IO         |
|                     |           |  IO_TYPE  | Register   |
+---------------------+-----------+-----------+------------+
| lcd_rs              | OUTPUT    | LVCMOS25  |            |
+---------------------+-----------+-----------+------------+
| lcd_wr              | OUTPUT    | LVCMOS25  |            |
+---------------------+-----------+-----------+------------+
| lcd_reset           | OUTPUT    | LVCMOS25  |            |

                                    Page 3




Design:  main                                          Date:  05/13/16  10:13:00

IO (PIO) Attributes (cont)
--------------------------
+---------------------+-----------+-----------+------------+
| debug               | OUTPUT    | LVCMOS25  |            |
+---------------------+-----------+-----------+------------+
| leds[7]             | OUTPUT    | LVCMOS25  |            |
+---------------------+-----------+-----------+------------+
| leds[6]             | OUTPUT    | LVCMOS25  |            |
+---------------------+-----------+-----------+------------+
| leds[5]             | OUTPUT    | LVCMOS25  |            |
+---------------------+-----------+-----------+------------+
| leds[4]             | OUTPUT    | LVCMOS25  |            |
+---------------------+-----------+-----------+------------+
| leds[3]             | OUTPUT    | LVCMOS25  |            |
+---------------------+-----------+-----------+------------+
| leds[2]             | OUTPUT    | LVCMOS25  |            |
+---------------------+-----------+-----------+------------+
| leds[1]             | OUTPUT    | LVCMOS25  |            |
+---------------------+-----------+-----------+------------+
| leds[0]             | OUTPUT    | LVCMOS25  |            |
+---------------------+-----------+-----------+------------+
| lcd_te              | INPUT     | LVCMOS25  |            |
+---------------------+-----------+-----------+------------+

Removed logic
-------------

Block GSR_INST undriven or does not drive anything - clipped.
Signal VCC_net undriven or does not drive anything - clipped.
Signal count_28_add_4_23/CO undriven or does not drive anything - clipped.
Signal counter_29_add_4_9/S1 undriven or does not drive anything - clipped.
Signal counter_29_add_4_9/CO undriven or does not drive anything - clipped.
Signal count_28_add_4_1/S0 undriven or does not drive anything - clipped.
Signal count_28_add_4_1/CI undriven or does not drive anything - clipped.
Signal counter_29_add_4_1/S0 undriven or does not drive anything - clipped.
Signal counter_29_add_4_1/CI undriven or does not drive anything - clipped.
Block i2 was optimized away.

Memory Usage
------------


     

OSC Summary
-----------

OSC 1:                                     Pin/Node Value
  OSC Instance Name:                                inst_clk
  OSC Type:                                         OSCH
  STDBY Input:                                      NONE
  OSC Output:                              NODE     clk133
  OSC Nominal Frequency (MHz):                      133.00

ASIC Components
---------------

Instance Name: inst_clk

                                    Page 4




Design:  main                                          Date:  05/13/16  10:13:00

ASIC Components (cont)
----------------------
         Type: OSCH

Run Time and Memory Usage
-------------------------

   Total CPU Time: 0 secs  
   Total REAL Time: 0 secs  
   Peak Memory Usage: 54 MB
        
















































                                    Page 5


Copyright (c) 1991-1994 by NeoCAD Inc. All rights reserved.
     Copyright (c) 1995 AT&T Corp.   All rights reserved.
     Copyright (c) 1995-2001 Lucent Technologies Inc.  All rights reserved.
     Copyright (c) 2001 Agere Systems   All rights reserved.
     Copyright (c) 2002-2016 Lattice Semiconductor Corporation,  All rights
     reserved.
