
synthesis -f "vivaz_lcd_sender_impl1_lattice.synproj"
synthesis:  version Diamond (64-bit) 3.7.1.502

Copyright (c) 1991-1994 by NeoCAD Inc. All rights reserved.
Copyright (c) 1995 AT&T Corp.   All rights reserved.
Copyright (c) 1995-2001 Lucent Technologies Inc.  All rights reserved.
Copyright (c) 2001 Agere Systems   All rights reserved.
Copyright (c) 2002-2016 Lattice Semiconductor Corporation,  All rights reserved.
Wed May 18 19:05:58 2016


Command Line:  synthesis -f vivaz_lcd_sender_impl1_lattice.synproj -gui -msgset Z:/GITHUB/Lattice/Vivaz LCD sender/promote.xml 

    <postMsg mid="35002000" type="Info"    dynamic="0" navigation="0"  />
Synthesis options:
The -a option is MachXO2.
The -s option is 4.
The -t option is TQFP144.
The -d option is LCMXO2-7000HE.
Using package TQFP144.
Using performance grade 4.
                                                          

##########################################################

### Lattice Family : MachXO2

### Device  : LCMXO2-7000HE

### Package : TQFP144

### Speed   : 4

##########################################################

                                                          

Optimization goal = Balanced
Top-level module name = main.
Target frequency = 1.000000 MHz.
Maximum fanout = 1000.
Timing path count = 3
BRAM utilization = 100.000000 %
DSP usage = true
DSP utilization = 100.000000 %
fsm_encoding_style = auto
resolve_mixed_drivers = 0
fix_gated_clocks = 1

Mux style = Auto
Use Carry Chain = true
carry_chain_length = 0
Loop Limit = 1950.
Use IO Insertion = TRUE
Use IO Reg = AUTO

Resource Sharing = TRUE
Propagate Constants = TRUE
Remove Duplicate Registers = TRUE
force_gsr = auto
ROM style = auto
RAM style = auto
The -comp option is FALSE.
The -syn option is FALSE.
-p C:/lscc/diamond/3.7_x64/ispfpga/xo2c00/data (searchpath added)
-p Z:/GITHUB/Lattice/Vivaz LCD sender/impl1 (searchpath added)
-p Z:/GITHUB/Lattice/Vivaz LCD sender (searchpath added)
VHDL library = work
VHDL design file = Z:/GITHUB/Lattice/Vivaz LCD sender/main.vhd
NGD file = vivaz_lcd_sender_impl1.ngd
-sdc option: SDC file input not used.
-lpf option: Output file option is ON.
Hardtimer checking is enabled (default). The -dt option is not used.
The -r option is OFF. [ Remove LOC Properties is OFF. ]
Technology check ok...

Analyzing Verilog file C:/lscc/diamond/3.7_x64/ispfpga/userware/NT/SYNTHESIS_HEADERS/machxo2.v. VERI-1482
Compile design.
Compile Design Begin
    <postMsg mid="35921504" type="Info"    dynamic="2" navigation="0" arg0="" arg1="Z:/GITHUB/Lattice/Vivaz LCD sender/impl1"  />
Analyzing VHDL file z:/github/lattice/vivaz lcd sender/main.vhd. VHDL-1481
    <postMsg mid="35921012" type="Info"    dynamic="2" navigation="2" arg0="z:/github/lattice/vivaz lcd sender/main.vhd(9): " arg1="main" arg2="z:/github/lattice/vivaz lcd sender/main.vhd" arg3="9"  />
    <postMsg mid="35921010" type="Info"    dynamic="2" navigation="2" arg0="z:/github/lattice/vivaz lcd sender/main.vhd(21): " arg1="behavioral" arg2="z:/github/lattice/vivaz lcd sender/main.vhd" arg3="21"  />
    <postMsg mid="35921242" type="Error"   dynamic="2" navigation="2" arg0="z:/github/lattice/vivaz lcd sender/main.vhd(117): " arg1="statement" arg2="z:/github/lattice/vivaz lcd sender/main.vhd" arg3="117"  />
