all messages logged in file hdlparser.log
Analyzing VHDL file C:/lscc/diamond/3.7_x64/ispfpga/vhdl_packages/standard.vhd (VHDL-1481)
INFO: C:/lscc/diamond/3.7_x64/ispfpga/vhdl_packages/standard.vhd(9): analyzing package standard (VHDL-1014)
Analyzing VHDL file C:/lscc/diamond/3.7_x64/ispfpga/vhdl_packages/std_1164.vhd (VHDL-1481)
INFO: C:/lscc/diamond/3.7_x64/ispfpga/vhdl_packages/std_1164.vhd(15): analyzing package std_logic_1164 (VHDL-1014)
INFO: C:/lscc/diamond/3.7_x64/ispfpga/vhdl_packages/std_1164.vhd(178): analyzing package body std_logic_1164 (VHDL-1013)
Analyzing VHDL file C:/lscc/diamond/3.7_x64/ispfpga/vhdl_packages/mgc_qsim.vhd (VHDL-1481)
INFO: C:/lscc/diamond/3.7_x64/ispfpga/vhdl_packages/mgc_qsim.vhd(18): analyzing package qsim_logic (VHDL-1014)
INFO: C:/lscc/diamond/3.7_x64/ispfpga/vhdl_packages/mgc_qsim.vhd(753): analyzing package body qsim_logic (VHDL-1013)
Analyzing VHDL file C:/lscc/diamond/3.7_x64/ispfpga/vhdl_packages/numeric_bit.vhd (VHDL-1481)
INFO: C:/lscc/diamond/3.7_x64/ispfpga/vhdl_packages/numeric_bit.vhd(54): analyzing package numeric_bit (VHDL-1014)
INFO: C:/lscc/diamond/3.7_x64/ispfpga/vhdl_packages/numeric_bit.vhd(834): analyzing package body numeric_bit (VHDL-1013)
Analyzing VHDL file C:/lscc/diamond/3.7_x64/ispfpga/vhdl_packages/numeric_std.vhd (VHDL-1481)
INFO: C:/lscc/diamond/3.7_x64/ispfpga/vhdl_packages/numeric_std.vhd(57): analyzing package numeric_std (VHDL-1014)
INFO: C:/lscc/diamond/3.7_x64/ispfpga/vhdl_packages/numeric_std.vhd(874): analyzing package body numeric_std (VHDL-1013)
Analyzing VHDL file C:/lscc/diamond/3.7_x64/ispfpga/vhdl_packages/textio.vhd (VHDL-1481)
INFO: C:/lscc/diamond/3.7_x64/ispfpga/vhdl_packages/textio.vhd(13): analyzing package textio (VHDL-1014)
INFO: C:/lscc/diamond/3.7_x64/ispfpga/vhdl_packages/textio.vhd(114): analyzing package body textio (VHDL-1013)
Analyzing VHDL file C:/lscc/diamond/3.7_x64/ispfpga/vhdl_packages/std_logic_textio.vhd (VHDL-1481)
INFO: C:/lscc/diamond/3.7_x64/ispfpga/vhdl_packages/std_logic_textio.vhd(26): analyzing package std_logic_textio (VHDL-1014)
INFO: C:/lscc/diamond/3.7_x64/ispfpga/vhdl_packages/std_logic_textio.vhd(72): analyzing package body std_logic_textio (VHDL-1013)
Analyzing VHDL file C:/lscc/diamond/3.7_x64/ispfpga/vhdl_packages/syn_attr.vhd (VHDL-1481)
INFO: C:/lscc/diamond/3.7_x64/ispfpga/vhdl_packages/syn_attr.vhd(39): analyzing package attributes (VHDL-1014)
Analyzing VHDL file C:/lscc/diamond/3.7_x64/ispfpga/vhdl_packages/syn_misc.vhd (VHDL-1481)
INFO: C:/lscc/diamond/3.7_x64/ispfpga/vhdl_packages/syn_misc.vhd(30): analyzing package std_logic_misc (VHDL-1014)
INFO: C:/lscc/diamond/3.7_x64/ispfpga/vhdl_packages/syn_misc.vhd(182): analyzing package body std_logic_misc (VHDL-1013)
INFO: ./.__tmp_vxr_0_(56): analyzing package math_real (VHDL-1014)
INFO: ./.__tmp_vxr_0_(685): analyzing package body math_real (VHDL-1013)
Analyzing VHDL file C:/lscc/diamond/3.7_x64/ispfpga/vhdl_packages/mixed_lang_vltype.vhd (VHDL-1481)
INFO: C:/lscc/diamond/3.7_x64/ispfpga/vhdl_packages/mixed_lang_vltype.vhd(9): analyzing package vl_types (VHDL-1014)
INFO: C:/lscc/diamond/3.7_x64/ispfpga/vhdl_packages/mixed_lang_vltype.vhd(88): analyzing package body vl_types (VHDL-1013)
Analyzing VHDL file C:/lscc/diamond/3.7_x64/ispfpga/vhdl_packages/syn_arit.vhd (VHDL-1481)
INFO: C:/lscc/diamond/3.7_x64/ispfpga/vhdl_packages/syn_arit.vhd(25): analyzing package std_logic_arith (VHDL-1014)
INFO: C:/lscc/diamond/3.7_x64/ispfpga/vhdl_packages/syn_arit.vhd(206): analyzing package body std_logic_arith (VHDL-1013)
Analyzing VHDL file C:/lscc/diamond/3.7_x64/ispfpga/vhdl_packages/syn_sign.vhd (VHDL-1481)
INFO: C:/lscc/diamond/3.7_x64/ispfpga/vhdl_packages/syn_sign.vhd(35): analyzing package std_logic_signed (VHDL-1014)
INFO: C:/lscc/diamond/3.7_x64/ispfpga/vhdl_packages/syn_sign.vhd(96): analyzing package body std_logic_signed (VHDL-1013)
Analyzing VHDL file C:/lscc/diamond/3.7_x64/ispfpga/vhdl_packages/syn_unsi.vhd (VHDL-1481)
INFO: C:/lscc/diamond/3.7_x64/ispfpga/vhdl_packages/syn_unsi.vhd(35): analyzing package std_logic_unsigned (VHDL-1014)
INFO: C:/lscc/diamond/3.7_x64/ispfpga/vhdl_packages/syn_unsi.vhd(94): analyzing package body std_logic_unsigned (VHDL-1013)
Analyzing VHDL file C:/lscc/diamond/3.7_x64/ispfpga/vhdl_packages/synattr.vhd (VHDL-1481)
INFO: C:/lscc/diamond/3.7_x64/ispfpga/vhdl_packages/synattr.vhd(50): analyzing package attributes (VHDL-1014)
Analyzing VHDL file C:/lscc/diamond/3.7_x64/cae_library/synthesis/vhdl/machxo2.vhd (VHDL-1481)
Analyzing VHDL file D:/Github/Lattice/Vivaz MachXO2/top.vhdl (VHDL-1481)
WARNING - D:/Github/Lattice/Vivaz MachXO2/top.vhdl(45): 'components' is not compiled in library lattice. VHDL-1240
INFO: D:/Github/Lattice/Vivaz MachXO2/top.vhdl(47): analyzing entity top (VHDL-1012)
INFO: D:/Github/Lattice/Vivaz MachXO2/top.vhdl(66): analyzing architecture behaviour (VHDL-1010)
Analyzing VHDL file D:/Github/Lattice/Vivaz MachXO2/clk_divider.vhd (VHDL-1481)
INFO: D:/Github/Lattice/Vivaz MachXO2/clk_divider.vhd(7): analyzing entity clk_divider (VHDL-1012)
INFO: D:/Github/Lattice/Vivaz MachXO2/clk_divider.vhd(18): analyzing architecture beh_clk_divider (VHDL-1010)
Analyzing VHDL file D:/Github/Lattice/Vivaz MachXO2/reset_routine.vhd (VHDL-1481)
INFO: D:/Github/Lattice/Vivaz MachXO2/reset_routine.vhd(7): analyzing entity reset_routine (VHDL-1012)
INFO: D:/Github/Lattice/Vivaz MachXO2/reset_routine.vhd(17): analyzing architecture beh_reset_routine (VHDL-1010)
Analyzing VHDL file D:/Github/Lattice/Vivaz MachXO2/debounce.vhd (VHDL-1481)
INFO: D:/Github/Lattice/Vivaz MachXO2/debounce.vhd(7): analyzing entity debounce (VHDL-1012)
INFO: D:/Github/Lattice/Vivaz MachXO2/debounce.vhd(15): analyzing architecture beh_debounce (VHDL-1010)
Analyzing VHDL file D:/Github/Lattice/Vivaz MachXO2/write_command_data.vhd (VHDL-1481)
INFO: D:/Github/Lattice/Vivaz MachXO2/write_command_data.vhd(7): analyzing entity write_command_data (VHDL-1012)
INFO: D:/Github/Lattice/Vivaz MachXO2/write_command_data.vhd(22): analyzing architecture beh_write_command_data (VHDL-1010)
Analyzing VHDL file D:/Github/Lattice/Vivaz MachXO2/commanddataarbiter.vhd (VHDL-1481)
INFO: D:/Github/Lattice/Vivaz MachXO2/commanddataarbiter.vhd(7): analyzing entity commanddataarbiter (VHDL-1012)
INFO: D:/Github/Lattice/Vivaz MachXO2/commanddataarbiter.vhd(36): analyzing architecture beh_commanddataarbiter (VHDL-1010)
Analyzing VHDL file D:/Github/Lattice/Vivaz MachXO2/movetopoint.vhd (VHDL-1481)
INFO: D:/Github/Lattice/Vivaz MachXO2/movetopoint.vhd(7): analyzing entity movetopoint (VHDL-1012)
INFO: D:/Github/Lattice/Vivaz MachXO2/movetopoint.vhd(25): analyzing architecture beh_movetopoint (VHDL-1010)
Analyzing VHDL file D:/Github/Lattice/Vivaz MachXO2/setbacklight.vhd (VHDL-1481)
INFO: D:/Github/Lattice/Vivaz MachXO2/setbacklight.vhd(7): analyzing entity setbacklight (VHDL-1012)
INFO: D:/Github/Lattice/Vivaz MachXO2/setbacklight.vhd(22): analyzing architecture beh_setbacklight (VHDL-1010)
Analyzing VHDL file D:/Github/Lattice/Vivaz MachXO2/fillcolor.vhd (VHDL-1481)
INFO: D:/Github/Lattice/Vivaz MachXO2/fillcolor.vhd(7): analyzing entity fillcolor (VHDL-1012)
INFO: D:/Github/Lattice/Vivaz MachXO2/fillcolor.vhd(23): analyzing architecture beh_fillcolor (VHDL-1010)
Analyzing VHDL file D:/Github/Lattice/Vivaz MachXO2/fsm_init.vhd (VHDL-1481)
INFO: D:/Github/Lattice/Vivaz MachXO2/fsm_init.vhd(7): analyzing entity fsm_init (VHDL-1012)
INFO: D:/Github/Lattice/Vivaz MachXO2/fsm_init.vhd(30): analyzing architecture beh_fsm_init (VHDL-1010)
