Active-HDL 10.2.3312.5682  2016-05-20 12:44:21

Elaboration top modules:
Architecture                  behavior(testbench)


--------------------------------------------------------------------------------------------------
Entity        | Architecture | Library   | Info | Compiler Version          | Compilation Options
--------------------------------------------------------------------------------------------------
testbench     | behavior     | work      |      | 10.2.3312.5682  (Windows) | -O3
lcd_sender    | structure    | work      |      | 10.2.3312.5682  (Windows) | -O3
SLICE_0       | structure    | work      |      | 10.2.3312.5682  (Windows) | -O3
SLICE_2       | structure    | work      |      | 10.2.3312.5682  (Windows) | -O3
SLICE_3       | structure    | work      |      | 10.2.3312.5682  (Windows) | -O3
SLICE_4       | structure    | work      |      | 10.2.3312.5682  (Windows) | -O3
SLICE_5       | structure    | work      |      | 10.2.3312.5682  (Windows) | -O3
SLICE_9       | structure    | work      |      | 10.2.3312.5682  (Windows) | -O3
SLICE_10      | structure    | work      |      | 10.2.3312.5682  (Windows) | -O3
SLICE_11      | structure    | work      |      | 10.2.3312.5682  (Windows) | -O3
SLICE_12      | structure    | work      |      | 10.2.3312.5682  (Windows) | -O3
SLICE_13      | structure    | work      |      | 10.2.3312.5682  (Windows) | -O3
SLICE_18      | structure    | work      |      | 10.2.3312.5682  (Windows) | -O3
SLICE_19      | structure    | work      |      | 10.2.3312.5682  (Windows) | -O3
SLICE_20      | structure    | work      |      | 10.2.3312.5682  (Windows) | -O3
SLICE_21      | structure    | work      |      | 10.2.3312.5682  (Windows) | -O3
fsm_state_1_B | structure    | work      |      | 10.2.3312.5682  (Windows) | -O3
fsm_state_0_B | structure    | work      |      | 10.2.3312.5682  (Windows) | -O3
busyB         | structure    | work      |      | 10.2.3312.5682  (Windows) | -O3
lcd_wrB       | structure    | work      |      | 10.2.3312.5682  (Windows) | -O3
lcd_rsB       | structure    | work      |      | 10.2.3312.5682  (Windows) | -O3
data_out_15_B | structure    | work      |      | 10.2.3312.5682  (Windows) | -O3
data_out_14_B | structure    | work      |      | 10.2.3312.5682  (Windows) | -O3
data_out_13_B | structure    | work      |      | 10.2.3312.5682  (Windows) | -O3
data_out_12_B | structure    | work      |      | 10.2.3312.5682  (Windows) | -O3
data_out_11_B | structure    | work      |      | 10.2.3312.5682  (Windows) | -O3
data_out_10_B | structure    | work      |      | 10.2.3312.5682  (Windows) | -O3
data_out_9_B  | structure    | work      |      | 10.2.3312.5682  (Windows) | -O3
data_out_8_B  | structure    | work      |      | 10.2.3312.5682  (Windows) | -O3
data_out_7_B  | structure    | work      |      | 10.2.3312.5682  (Windows) | -O3
data_out_6_B  | structure    | work      |      | 10.2.3312.5682  (Windows) | -O3
data_out_5_B  | structure    | work      |      | 10.2.3312.5682  (Windows) | -O3
data_out_4_B  | structure    | work      |      | 10.2.3312.5682  (Windows) | -O3
data_out_3_B  | structure    | work      |      | 10.2.3312.5682  (Windows) | -O3
data_out_2_B  | structure    | work      |      | 10.2.3312.5682  (Windows) | -O3
data_out_1_B  | structure    | work      |      | 10.2.3312.5682  (Windows) | -O3
data_out_0_B  | structure    | work      |      | 10.2.3312.5682  (Windows) | -O3
command_dataB | structure    | work      |      | 10.2.3312.5682  (Windows) | -O3
clkB          | structure    | work      |      | 10.2.3312.5682  (Windows) | -O3
rstB          | structure    | work      |      | 10.2.3312.5682  (Windows) | -O3
goB           | structure    | work      |      | 10.2.3312.5682  (Windows) | -O3
data_in_15_B  | structure    | work      |      | 10.2.3312.5682  (Windows) | -O3
data_in_14_B  | structure    | work      |      | 10.2.3312.5682  (Windows) | -O3
data_in_13_B  | structure    | work      |      | 10.2.3312.5682  (Windows) | -O3
data_in_12_B  | structure    | work      |      | 10.2.3312.5682  (Windows) | -O3
data_in_11_B  | structure    | work      |      | 10.2.3312.5682  (Windows) | -O3
data_in_10_B  | structure    | work      |      | 10.2.3312.5682  (Windows) | -O3
data_in_9_B   | structure    | work      |      | 10.2.3312.5682  (Windows) | -O3
data_in_8_B   | structure    | work      |      | 10.2.3312.5682  (Windows) | -O3
data_in_7_B   | structure    | work      |      | 10.2.3312.5682  (Windows) | -O3
data_in_6_B   | structure    | work      |      | 10.2.3312.5682  (Windows) | -O3
data_in_5_B   | structure    | work      |      | 10.2.3312.5682  (Windows) | -O3
data_in_4_B   | structure    | work      |      | 10.2.3312.5682  (Windows) | -O3
data_in_3_B   | structure    | work      |      | 10.2.3312.5682  (Windows) | -O3
data_in_2_B   | structure    | work      |      | 10.2.3312.5682  (Windows) | -O3
data_in_1_B   | structure    | work      |      | 10.2.3312.5682  (Windows) | -O3
data_in_0_B   | structure    | work      |      | 10.2.3312.5682  (Windows) | -O3
GSR_INSTB     | structure    | work      |      | 10.2.3312.5682  (Windows) | -O3
vhi           | v            | machxo2   |      | 10.2.3312.5682  (Windows) | -vendor lattice
pur           | v            | machxo2   |      | 10.2.3312.5682  (Windows) | -vendor lattice
lut4          | structure    | work      |      | 10.2.3312.5682  (Windows) | -O3
lut40001      | structure    | work      |      | 10.2.3312.5682  (Windows) | -O3
gnd           | structure    | work      |      | 10.2.3312.5682  (Windows) | -O3
vmuxregsre    | structure    | work      |      | 10.2.3312.5682  (Windows) | -O3
vcc           | structure    | work      |      | 10.2.3312.5682  (Windows) | -O3
rom16x1a      | v            | machxo2   |      | 10.2.3312.5682  (Windows) | -vendor lattice
vlo           | v            | machxo2   |      | 10.2.3312.5682  (Windows) | -vendor lattice
fl1p3dx       | v            | machxo2   |      | 10.2.3312.5682  (Windows) | -vendor lattice
lut40002      | structure    | work      |      | 10.2.3312.5682  (Windows) | -O3
lut40003      | structure    | work      |      | 10.2.3312.5682  (Windows) | -O3
lut40004      | structure    | work      |      | 10.2.3312.5682  (Windows) | -O3
lut40005      | structure    | work      |      | 10.2.3312.5682  (Windows) | -O3
xo2iobuf      | structure    | work      |      | 10.2.3312.5682  (Windows) | -O3
obzpd         | v            | machxo2   |      | 10.2.3312.5682  (Windows) | -vendor lattice
xo2iobuf0006  | structure    | work      |      | 10.2.3312.5682  (Windows) | -O3
ibpd          | v            | machxo2   |      | 10.2.3312.5682  (Windows) | -vendor lattice
GSR5MODE      | structure    | work      |      | 10.2.3312.5682  (Windows) | -O3
inv           | v            | machxo2   |      | 10.2.3312.5682  (Windows) | -vendor lattice
gsr           | v            | machxo2   |      | 10.2.3312.5682  (Windows) | -vendor lattice
--------------------------------------------------------------------------------------------------

--------------------------------------------------------------------------------------------------
VHDL Package                 | Library   | Info | Compiler Version          | Compilation Options
--------------------------------------------------------------------------------------------------
standard                     | std       |      |                           | <unavailable>
TEXTIO                       | std       |      | 10.2.3312.5682  (Windows) |  -2008
std_logic_1164               | ieee      |      | 10.2.3312.5682  (Windows) |  -2008
NUMERIC_STD                  | ieee      |      | 10.2.3312.5682  (Windows) |  -2008
VITAL_Timing                 | vital2000 |      | 10.2.3312.5682  (Windows) | <unavailable>
std_logic_arith              | ieee      |      | 10.2.3312.5682  (Windows) | <unavailable>
components                   | machxo2   |      | 10.2.3312.5682  (Windows) | -vendor lattice
VITAL_Primitives             | ieee      |      | 10.2.3312.5682  (Windows) | <unavailable>
global                       | machxo2   |      | 10.2.3312.5682  (Windows) | -vendor lattice
mem2                         | machxo2   |      | 10.2.3312.5682  (Windows) | -vendor lattice
STD_LOGIC_UNSIGNED           | ieee      |      | 10.2.3312.5682  (Windows) | <unavailable>
--------------------------------------------------------------------------------------------------

--------------------------------------------------------------------------------------------------
Library                      | Comment
--------------------------------------------------------------------------------------------------
ieee                         | Standard IEEE packages library
machxo2                      | LATTICE Diamond 3.7, MACHXO2 VHDL LIBRARY
std                          | Standard VHDL library
vital2000                    | Standard IEEE packages library
work                         | None
--------------------------------------------------------------------------------------------------
