
synthesis -f "Vivaz_MachXO2_impl1_lattice.synproj"
synthesis:  version Diamond (64-bit) 3.7.1.502

Copyright (c) 1991-1994 by NeoCAD Inc. All rights reserved.
Copyright (c) 1995 AT&T Corp.   All rights reserved.
Copyright (c) 1995-2001 Lucent Technologies Inc.  All rights reserved.
Copyright (c) 2001 Agere Systems   All rights reserved.
Copyright (c) 2002-2016 Lattice Semiconductor Corporation,  All rights reserved.
Thu Aug 18 20:12:23 2016


Command Line:  synthesis -f Vivaz_MachXO2_impl1_lattice.synproj -gui -msgset Z:/GITHUB/Lattice/Vivaz MachXO2/promote.xml 

    <postMsg mid="35002000" type="Info"    dynamic="0" navigation="0"  />
Synthesis options:
The -a option is MachXO2.
The -s option is 5.
The -t option is TQFP144.
The -d option is LCMXO2-7000HE.
Using package TQFP144.
Using performance grade 5.
                                                          

##########################################################

### Lattice Family : MachXO2

### Device  : LCMXO2-7000HE

### Package : TQFP144

### Speed   : 5

##########################################################

                                                          

Optimization goal = Balanced
The -top option is not used.
Target frequency = 1.000000 MHz.
Maximum fanout = 1000.
Timing path count = 3
BRAM utilization = 100.000000 %
DSP usage = true
DSP utilization = 100.000000 %
fsm_encoding_style = auto
resolve_mixed_drivers = 0
fix_gated_clocks = 1

Mux style = Auto
Use Carry Chain = true
carry_chain_length = 0
Loop Limit = 1950.
Use IO Insertion = TRUE
Use IO Reg = AUTO

Resource Sharing = TRUE
Propagate Constants = TRUE
Remove Duplicate Registers = TRUE
force_gsr = auto
ROM style = auto
RAM style = auto
The -comp option is FALSE.
The -syn option is FALSE.
-p C:/lscc/diamond/3.7_x64/ispfpga/xo2c00/data (searchpath added)
-p Z:/GITHUB/Lattice/Vivaz MachXO2/impl1 (searchpath added)
-p Z:/GITHUB/Lattice/Vivaz MachXO2 (searchpath added)
VHDL library = work
VHDL design file = Z:/GITHUB/Lattice/Vivaz MachXO2/top.vhdl
NGD file = Vivaz_MachXO2_impl1.ngd
-sdc option: SDC file input not used.
-lpf option: Output file option is ON.
Hardtimer checking is enabled (default). The -dt option is not used.
The -r option is OFF. [ Remove LOC Properties is OFF. ]
Technology check ok...

Analyzing Verilog file C:/lscc/diamond/3.7_x64/ispfpga/userware/NT/SYNTHESIS_HEADERS/machxo2.v. VERI-1482
Compile design.
Compile Design Begin
    <postMsg mid="35001200" type="Warning" dynamic="1" navigation="0" arg0="top"  />
    <postMsg mid="35921504" type="Info"    dynamic="2" navigation="0" arg0="" arg1="Z:/GITHUB/Lattice/Vivaz MachXO2/impl1"  />
Analyzing VHDL file z:/github/lattice/vivaz machxo2/top.vhdl. VHDL-1481
    <postMsg mid="35921240" type="Warning" dynamic="3" navigation="2" arg0="z:/github/lattice/vivaz machxo2/top.vhdl(43): " arg1="components" arg2="lattice" arg3="z:/github/lattice/vivaz machxo2/top.vhdl" arg4="43"  />
    <postMsg mid="35921012" type="Info"    dynamic="2" navigation="2" arg0="z:/github/lattice/vivaz machxo2/top.vhdl(45): " arg1="top" arg2="z:/github/lattice/vivaz machxo2/top.vhdl" arg3="45"  />
Analyzing VHDL file z:/github/lattice/vivaz machxo2/top.vhdl. VHDL-1481
    <postMsg mid="35921240" type="Warning" dynamic="3" navigation="2" arg0="z:/github/lattice/vivaz machxo2/top.vhdl(43): " arg1="components" arg2="lattice" arg3="z:/github/lattice/vivaz machxo2/top.vhdl" arg4="43"  />
    <postMsg mid="35921012" type="Info"    dynamic="2" navigation="2" arg0="z:/github/lattice/vivaz machxo2/top.vhdl(45): " arg1="top" arg2="z:/github/lattice/vivaz machxo2/top.vhdl" arg3="45"  />
unit top is not yet analyzed. VHDL-1485
    <postMsg mid="35921404" type="Warning" dynamic="2" navigation="2" arg0="z:/github/lattice/vivaz machxo2/top.vhdl(62): " arg1="top" arg2="z:/github/lattice/vivaz machxo2/top.vhdl" arg3="62"  />
z:/github/lattice/vivaz machxo2/top.vhdl(45): executing top()

Top module name (VHDL): top
Last elaborated design is top()
Loading NGL library 'C:/lscc/diamond/3.7_x64/ispfpga/xo2c00a/data/xo2alib.ngl'...
Loading NGL library 'C:/lscc/diamond/3.7_x64/ispfpga/xo2c00/data/xo2clib.ngl'...
Loading NGL library 'C:/lscc/diamond/3.7_x64/ispfpga/mg5g00/data/mg5glib.ngl'...
Loading NGL library 'C:/lscc/diamond/3.7_x64/ispfpga/or5g00/data/orc5glib.ngl'...
Loading device for application map from file 'xo2c7000.nph' in environment: C:/lscc/diamond/3.7_x64/ispfpga.
Package Status:                     Final          Version 1.39.
Top-level module name = top.
    <postMsg mid="35001757" type="Warning" dynamic="1" navigation="0" arg0="led30[3]"  />
    <postMsg mid="35001757" type="Warning" dynamic="1" navigation="0" arg0="led30[2]"  />
    <postMsg mid="35001757" type="Warning" dynamic="1" navigation="0" arg0="led30[1]"  />
    <postMsg mid="35001757" type="Warning" dynamic="1" navigation="0" arg0="led30[0]"  />
    <postMsg mid="35001757" type="Warning" dynamic="1" navigation="0" arg0="led67[1]"  />
    <postMsg mid="35001757" type="Warning" dynamic="1" navigation="0" arg0="led67[0]"  />
    <postMsg mid="35001757" type="Warning" dynamic="1" navigation="0" arg0="CH1"  />
    <postMsg mid="35001757" type="Warning" dynamic="1" navigation="0" arg0="CH2"  />
    <postMsg mid="35001757" type="Warning" dynamic="1" navigation="0" arg0="CH3"  />
    <postMsg mid="35001757" type="Warning" dynamic="1" navigation="0" arg0="CH4"  />
    <postMsg mid="35001757" type="Warning" dynamic="1" navigation="0" arg0="vivaz_RS"  />
    <postMsg mid="35001757" type="Warning" dynamic="1" navigation="0" arg0="vivaz_RESET"  />
    <postMsg mid="35001757" type="Warning" dynamic="1" navigation="0" arg0="vivaz_WR"  />
    <postMsg mid="35001757" type="Warning" dynamic="1" navigation="0" arg0="vivaz_D015[15]"  />
    <postMsg mid="35001757" type="Warning" dynamic="1" navigation="0" arg0="vivaz_D015[14]"  />
    <postMsg mid="35001757" type="Warning" dynamic="1" navigation="0" arg0="vivaz_D015[13]"  />
    <postMsg mid="35001757" type="Warning" dynamic="1" navigation="0" arg0="vivaz_D015[12]"  />
    <postMsg mid="35001757" type="Warning" dynamic="1" navigation="0" arg0="vivaz_D015[11]"  />
    <postMsg mid="35001757" type="Warning" dynamic="1" navigation="0" arg0="vivaz_D015[10]"  />
    <postMsg mid="35001757" type="Warning" dynamic="1" navigation="0" arg0="vivaz_D015[9]"  />
    <postMsg mid="35001757" type="Warning" dynamic="1" navigation="0" arg0="vivaz_D015[8]"  />
    <postMsg mid="35001757" type="Warning" dynamic="1" navigation="0" arg0="vivaz_D015[7]"  />
    <postMsg mid="35001757" type="Warning" dynamic="1" navigation="0" arg0="vivaz_D015[6]"  />
    <postMsg mid="35001757" type="Warning" dynamic="1" navigation="0" arg0="vivaz_D015[5]"  />
    <postMsg mid="35001757" type="Warning" dynamic="1" navigation="0" arg0="vivaz_D015[4]"  />
    <postMsg mid="35001757" type="Warning" dynamic="1" navigation="0" arg0="vivaz_D015[3]"  />
    <postMsg mid="35001757" type="Warning" dynamic="1" navigation="0" arg0="vivaz_D015[2]"  />
    <postMsg mid="35001757" type="Warning" dynamic="1" navigation="0" arg0="vivaz_D015[1]"  />
    <postMsg mid="35001757" type="Warning" dynamic="1" navigation="0" arg0="vivaz_D015[0]"  />
######## Missing driver on net n2. Patching with GND.
######## Missing driver on net n3. Patching with GND.
######## Missing driver on net n4. Patching with GND.
######## Missing driver on net n5. Patching with GND.
######## Missing driver on net n6. Patching with GND.
######## Missing driver on net n7. Patching with GND.
######## Missing driver on net n8. Patching with GND.
######## Missing driver on net n9. Patching with GND.
######## Missing driver on net n10. Patching with GND.
######## Missing driver on net n11. Patching with GND.
######## Missing driver on net n12. Patching with GND.
######## Missing driver on net n13. Patching with GND.
######## Missing driver on net n14. Patching with GND.
######## Missing driver on net n15. Patching with GND.
######## Missing driver on net n16. Patching with GND.
######## Missing driver on net n17. Patching with GND.
######## Missing driver on net n18. Patching with GND.
######## Missing driver on net n19. Patching with GND.
######## Missing driver on net n20. Patching with GND.
######## Missing driver on net n21. Patching with GND.
######## Missing driver on net n22. Patching with GND.
######## Missing driver on net n23. Patching with GND.
######## Missing driver on net n24. Patching with GND.
######## Missing driver on net n25. Patching with GND.
######## Missing driver on net n26. Patching with GND.
######## Missing driver on net n27. Patching with GND.
######## Missing driver on net n28. Patching with GND.
######## Missing driver on net n29. Patching with GND.
######## Missing driver on net n30. Patching with GND.



GSR will not be inferred because no asynchronous signal was found in the netlist.
Applying 1.000000 MHz constraint to all clocks

    <postMsg mid="35001611" type="Warning" dynamic="0" navigation="0"  />
Results of NGD DRC are available in top_drc.log.
Loading NGL library 'C:/lscc/diamond/3.7_x64/ispfpga/xo2c00a/data/xo2alib.ngl'...
Loading NGL library 'C:/lscc/diamond/3.7_x64/ispfpga/xo2c00/data/xo2clib.ngl'...
Loading NGL library 'C:/lscc/diamond/3.7_x64/ispfpga/mg5g00/data/mg5glib.ngl'...
Loading NGL library 'C:/lscc/diamond/3.7_x64/ispfpga/or5g00/data/orc5glib.ngl'...


Running DRC...

    <postMsg mid="1166052" type="Warning" dynamic="2" navigation="1" arg0="logical" arg1="pb1" arg2="pb1"  />
    <postMsg mid="1166064" type="Warning" dynamic="2" navigation="0" arg0="input" arg1="pb1"  />
    <postMsg mid="1166052" type="Warning" dynamic="2" navigation="1" arg0="logical" arg1="pb2" arg2="pb2"  />
    <postMsg mid="1166064" type="Warning" dynamic="2" navigation="0" arg0="input" arg1="pb2"  />
    <postMsg mid="1166052" type="Warning" dynamic="2" navigation="1" arg0="logical" arg1="main_reset" arg2="main_reset"  />
    <postMsg mid="1166064" type="Warning" dynamic="2" navigation="0" arg0="input" arg1="main_reset"  />
    <postMsg mid="1166052" type="Warning" dynamic="2" navigation="1" arg0="logical" arg1="vivaz_TE" arg2="vivaz_TE"  />
    <postMsg mid="1166064" type="Warning" dynamic="2" navigation="0" arg0="input" arg1="vivaz_TE"  />
    <postMsg mid="1163101" type="Warning" dynamic="1" navigation="0" arg0="8"  />

Design Results:
     33 blocks expanded
completed the first expansion
All blocks are expanded and NGD expansion is successful.
Writing NGD file Vivaz_MachXO2_impl1.ngd.

################### Begin Area Report (top)######################
Number of register bits => 0 of 7209 (0 % )
GSR => 1
OBZ => 29
################### End Area Report ##################

################### Begin BlackBox Report ######################
TSALL => 1
################### End BlackBox Report ##################

################### Begin Clock Report ######################
Clock Nets
Number of Clocks: 0
Clock Enable Nets
Number of Clock Enables: 0
Top 0 highest fanout Clock Enables:
Highest fanout non-clock nets
Top 10 highest fanout non-clock nets:
  Net : vivaz_D015[14], loads : 0
  Net : vivaz_D015[15], loads : 0
  Net : vivaz_WR, loads : 0
  Net : vivaz_RESET, loads : 0
  Net : vivaz_RS, loads : 0
  Net : CH4, loads : 0
  Net : CH3, loads : 0
  Net : CH2, loads : 0
  Net : CH1, loads : 0
  Net : led67[0], loads : 0
################### End Clock Report ##################

Peak Memory Usage: 69.824  MB

--------------------------------------------------------------
Elapsed CPU time for LSE flow : 0.764  secs
--------------------------------------------------------------

map -a "MachXO2" -p LCMXO2-7000HE -t TQFP144 -s 5 -oc Commercial   "Vivaz_MachXO2_impl1.ngd" -o "Vivaz_MachXO2_impl1_map.ncd" -pr "Vivaz_MachXO2_impl1.prf" -mp "Vivaz_MachXO2_impl1.mrp" -lpf "Z:/GITHUB/Lattice/Vivaz MachXO2/impl1/Vivaz_MachXO2_impl1.lpf" -lpf "Z:/GITHUB/Lattice/Vivaz MachXO2/Vivaz_MachXO2.lpf" -c 0            
map:  version Diamond (64-bit) 3.7.1.502

Copyright (c) 1991-1994 by NeoCAD Inc. All rights reserved.
Copyright (c) 1995 AT&T Corp.   All rights reserved.
Copyright (c) 1995-2001 Lucent Technologies Inc.  All rights reserved.
Copyright (c) 2001 Agere Systems   All rights reserved.
Copyright (c) 2002-2016 Lattice Semiconductor Corporation,  All rights reserved.
   Process the file: Vivaz_MachXO2_impl1.ngd
   Picdevice="LCMXO2-7000HE"

   Pictype="TQFP144"

   Picspeed=5

   Remove unused logic

   Do not produce over sized NCDs.

Part used: LCMXO2-7000HETQFP144, Performance used: 5.

Loading device for application map from file 'xo2c7000.nph' in environment: C:/lscc/diamond/3.7_x64/ispfpga.
Package Status:                     Final          Version 1.39.

Running general design DRC...

    <postMsg mid="1166064" type="Warning" dynamic="2" navigation="0" arg0="input" arg1="pb1"  />
    <postMsg mid="1166064" type="Warning" dynamic="2" navigation="0" arg0="input" arg1="pb2"  />
    <postMsg mid="1166064" type="Warning" dynamic="2" navigation="0" arg0="input" arg1="main_reset"  />
    <postMsg mid="1166064" type="Warning" dynamic="2" navigation="0" arg0="input" arg1="vivaz_TE"  />
Removing unused logic...

Optimizing...

    <postMsg mid="51001046" type="Warning" dynamic="1" navigation="0" arg0="pb1"  />
    <postMsg mid="51001046" type="Warning" dynamic="1" navigation="0" arg0="pb2"  />
    <postMsg mid="51001046" type="Warning" dynamic="1" navigation="0" arg0="main_reset"  />
    <postMsg mid="51001046" type="Warning" dynamic="1" navigation="0" arg0="vivaz_TE"  />



Design Summary:
   Number of registers:      0 out of  7209 (0%)
      PFU registers:            0 out of  6864 (0%)
      PIO registers:            0 out of   345 (0%)
   Number of SLICEs:         1 out of  3432 (0%)
      SLICEs as Logic/ROM:      1 out of  3432 (0%)
      SLICEs as RAM:            0 out of  2574 (0%)
      SLICEs as Carry:          0 out of  3432 (0%)
   Number of LUT4s:          1 out of  6864 (0%)
      Number used as logic LUTs:          1
      Number used as distributed RAM:     0
      Number used as ripple logic:        0
      Number used as shift registers:     0
   Number of PIO sites used: 29 + 4(JTAG) out of 115 (29%)
   Number of block RAMs:  0 out of 26 (0%)
   Number of GSRs:  0 out of 1 (0%)
   EFB used :       No
   JTAG used :      No
   Readback used :  No
   Oscillator used :  No
   Startup used :   No
   POR :            On
   Bandgap :        On
   Number of Power Controller:  0 out of 1 (0%)
   Number of Dynamic Bank Controller (BCINRD):  0 out of 6 (0%)
   Number of Dynamic Bank Controller (BCLVDSO):  0 out of 1 (0%)
   Number of DCCA:  0 out of 8 (0%)
   Number of DCMA:  0 out of 2 (0%)
   Number of PLLs:  0 out of 2 (0%)
   Number of DQSDLLs:  0 out of 2 (0%)
   Number of CLKDIVC:  0 out of 4 (0%)
   Number of ECLKSYNCA:  0 out of 4 (0%)
   Number of ECLKBRIDGECS:  0 out of 2 (0%)
   Notes:-
      1. Total number of LUT4s = (Number of logic LUT4s) + 2*(Number of distributed RAMs) + 2*(Number of ripple logic)
      2. Number of logic LUT4s does not include count of distributed RAM and ripple logic.
   Number of clocks:  0
   Number of Clock Enables:  0
   Number of LSRs:  0
   Number of nets driven by tri-state buffers:  0
   Top 10 highest fanout non-clock nets:
 

   Number of warnings:  8
   Number of errors:    0



Total CPU Time: 0 secs  
Total REAL Time: 0 secs  
Peak Memory Usage: 32 MB

Dumping design to file Vivaz_MachXO2_impl1_map.ncd.

ncd2vdb "Vivaz_MachXO2_impl1_map.ncd" ".vdbs/Vivaz_MachXO2_impl1_map.vdb"

Loading device for application ncd2vdb from file 'xo2c7000.nph' in environment: C:/lscc/diamond/3.7_x64/ispfpga.

mpartrce -p "Vivaz_MachXO2_impl1.p2t" -f "Vivaz_MachXO2_impl1.p3t" -tf "Vivaz_MachXO2_impl1.pt" "Vivaz_MachXO2_impl1_map.ncd" "Vivaz_MachXO2_impl1.ncd"

---- MParTrce Tool ----
Removing old design directory at request of -rem command line option to this program.
Running par. Please wait . . .

Lattice Place and Route Report for Design "Vivaz_MachXO2_impl1_map.ncd"
Thu Aug 18 20:12:26 2016

PAR: Place And Route Diamond (64-bit) 3.7.1.502.
Command Line: par -w -l 5 -i 6 -t 1 -c 0 -e 0 -gui -msgset "Z:/GITHUB/Lattice/Vivaz MachXO2/promote.xml" -exp parUseNBR=1:parCDP=0:parCDR=0:parPathBased=OFF Vivaz_MachXO2_impl1_map.ncd Vivaz_MachXO2_impl1.dir/5_1.ncd Vivaz_MachXO2_impl1.prf
Preference file: Vivaz_MachXO2_impl1.prf.
Placement level-cost: 5-1.
Routing Iterations: 6

Loading design for application par from file Vivaz_MachXO2_impl1_map.ncd.
Design name: top
NCD version: 3.3
Vendor:      LATTICE
Device:      LCMXO2-7000HE
Package:     TQFP144
Performance: 5
Loading device for application par from file 'xo2c7000.nph' in environment: C:/lscc/diamond/3.7_x64/ispfpga.
Package Status:                     Final          Version 1.39.
Performance Hardware Data Status:   Final          Version 33.4.
License checked out.


Ignore Preference Error(s):  True
Device utilization summary:

   PIO (prelim)   29+4(JTAG)/336     10% used
                  29+4(JTAG)/115     29% bonded

   SLICE              1/3432         <1% used



Number of Signals: 1
Number of Connections: 29
No signal is selected as primary clock.


No signal is selected as secondary clock.

No signal is selected as Global Set/Reset.
.
Starting Placer Phase 0.
..
Finished Placer Phase 0.  REAL time: 0 secs 

Starting Placer Phase 1.
...............
Placer score = 2964.
Finished Placer Phase 1.  REAL time: 9 secs 

Starting Placer Phase 2.
.
Placer score =  2964
Finished Placer Phase 2.  REAL time: 9 secs 


------------------ Clock Report ------------------

Global Clock Resources:
  CLK_PIN    : 0 out of 8 (0%)
  PLL        : 0 out of 2 (0%)
  DCM        : 0 out of 2 (0%)
  DCC        : 0 out of 8 (0%)

Quadrants All (TL, TR, BL, BR) - Global Clocks:

  PRIMARY  : 0 out of 8 (0%)
  SECONDARY: 0 out of 8 (0%)

Edge Clocks:
  No edge clock selected.

--------------- End of Clock Report ---------------


I/O Usage Summary (final):
   29 + 4(JTAG) out of 336 (9.8%) PIO sites used.
   29 + 4(JTAG) out of 115 (28.7%) bonded PIO sites used.
   Number of PIO comps: 29; differential: 0.
   Number of Vref pins used: 0.

I/O Bank Usage Summary:
+----------+----------------+------------+-----------+
| I/O Bank | Usage          | Bank Vccio | Bank Vref |
+----------+----------------+------------+-----------+
| 0        | 0 / 28 (  0%)  | -          | -         |
| 1        | 25 / 29 ( 86%) | 2.5V       | -         |
| 2        | 4 / 29 ( 13%)  | 2.5V       | -         |
| 3        | 0 / 9 (  0%)   | -          | -         |
| 4        | 0 / 10 (  0%)  | -          | -         |
| 5        | 0 / 10 (  0%)  | -          | -         |
+----------+----------------+------------+-----------+

Total placer CPU time: 8 secs 

Dumping design to file Vivaz_MachXO2_impl1.dir/5_1.ncd.


-----------------------------------------------------------------
INFO - par: ASE feature is off due to non timing-driven settings.  
-----------------------------------------------------------------

0 connections routed; 29 unrouted.
Starting router resource preassignment

Completed router resource preassignment. Real time: 10 secs 

Start NBR router at 20:12:36 08/18/16

*****************************************************************
Info: NBR allows conflicts(one node used by more than one signal)
      in the earlier iterations. In each iteration, it tries to  
      solve the conflicts while keeping the critical connections 
      routed as short as possible. The routing process is said to
      be completed when no conflicts exist and all connections   
      are routed.                                                
Note: NBR uses a different method to calculate timing slacks. The
      worst slack and total negative slack may not be the same as
      that in TRCE report. You should always run TRCE to verify  
      your design.                                               
*****************************************************************

Start NBR special constraint process at 20:12:36 08/18/16

Start NBR section for initial routing at 20:12:36 08/18/16
Level 4, iteration 1
0(0.00%) conflict; 0(0.00%) untouched conn; 0 (nbr) score; real time: 10 secs 

Info: Initial congestion level at 75% usage is 0
Info: Initial congestion area  at 75% usage is 0 (0.00%)

Start NBR section for normal routing at 20:12:36 08/18/16
Level 4, iteration 1
0(0.00%) conflict; 0(0.00%) untouched conn; 0 (nbr) score; real time: 10 secs 

Start NBR section for re-routing at 20:12:36 08/18/16
Level 4, iteration 1
0(0.00%) conflict; 0(0.00%) untouched conn; 0 (nbr) score; real time: 10 secs 

Start NBR section for post-routing at 20:12:36 08/18/16

End NBR router with 0 unrouted connection

NBR Summary
-----------
  Number of unrouted connections : 0 (0.00%)
  Number of connections with timing violations : 0 (0.00%)
  Estimated worst slack<setup> : <n/a>
  Timing score<setup> : 0
-----------
Notes: The timing info is calculated for SETUP only and all PAR_ADJs are ignored.



Total CPU time 10 secs 
Total REAL time: 10 secs 
Completely routed.
End of route.  29 routed (100.00%); 0 unrouted.
Checking DRC ... 
No errors found.

Hold time timing score: 0, hold timing errors: 0

Timing score: 0 

Dumping design to file Vivaz_MachXO2_impl1.dir/5_1.ncd.


PAR_SUMMARY::Run status = completed
PAR_SUMMARY::Number of unrouted conns = 0
PAR_SUMMARY::Worst  slack<setup/<ns>> = <n/a>
PAR_SUMMARY::Timing score<setup/<ns>> = <n/a>
PAR_SUMMARY::Worst  slack<hold /<ns>> = <n/a>
PAR_SUMMARY::Timing score<hold /<ns>> = <n/a>
PAR_SUMMARY::Number of errors = 0

Total CPU  time to completion: 10 secs 
Total REAL time to completion: 10 secs 

par done!

Copyright (c) 1991-1994 by NeoCAD Inc. All rights reserved.
Copyright (c) 1995 AT&T Corp.   All rights reserved.
Copyright (c) 1995-2001 Lucent Technologies Inc.  All rights reserved.
Copyright (c) 2001 Agere Systems   All rights reserved.
Copyright (c) 2002-2016 Lattice Semiconductor Corporation,  All rights reserved.
Exiting par with exit code 0
Exiting mpartrce with exit code 0

bitgen -f "Vivaz_MachXO2_impl1.t2b" -w "Vivaz_MachXO2_impl1.ncd" "Vivaz_MachXO2_impl1.prf"


BITGEN: Bitstream Generator Diamond (64-bit) 3.7.1.502
Copyright (c) 1991-1994 by NeoCAD Inc. All rights reserved.
Copyright (c) 1995 AT&T Corp.   All rights reserved.
Copyright (c) 1995-2001 Lucent Technologies Inc.  All rights reserved.
Copyright (c) 2001 Agere Systems   All rights reserved.
Copyright (c) 2002-2016 Lattice Semiconductor Corporation,  All rights reserved.


Loading design for application Bitgen from file Vivaz_MachXO2_impl1.ncd.
Design name: top
NCD version: 3.3
Vendor:      LATTICE
Device:      LCMXO2-7000HE
Package:     TQFP144
Performance: 5
Loading device for application Bitgen from file 'xo2c7000.nph' in environment: C:/lscc/diamond/3.7_x64/ispfpga.
Package Status:                     Final          Version 1.39.
Performance Hardware Data Status:   Final          Version 33.4.

Running DRC.
DRC detected 0 errors and 0 warnings.
Reading Preference File from Vivaz_MachXO2_impl1.prf.

Preference Summary:
+---------------------------------+---------------------------------+
|  Preference                     |  Current Setting                |
+---------------------------------+---------------------------------+
|                         RamCfg  |                        Reset**  |
+---------------------------------+---------------------------------+
|                     MCCLK_FREQ  |                         2.08**  |
+---------------------------------+---------------------------------+
|                  CONFIG_SECURE  |                          OFF**  |
+---------------------------------+---------------------------------+
|                      JTAG_PORT  |                       ENABLE**  |
+---------------------------------+---------------------------------+
|                       SDM_PORT  |                      DISABLE**  |
+---------------------------------+---------------------------------+
|                 SLAVE_SPI_PORT  |                      DISABLE**  |
+---------------------------------+---------------------------------+
|                MASTER_SPI_PORT  |                      DISABLE**  |
+---------------------------------+---------------------------------+
|                       I2C_PORT  |                      DISABLE**  |
+---------------------------------+---------------------------------+
|        MUX_CONFIGURATION_PORTS  |                      DISABLE**  |
+---------------------------------+---------------------------------+
|                  CONFIGURATION  |                          CFG**  |
+---------------------------------+---------------------------------+
|                COMPRESS_CONFIG  |                           ON**  |
+---------------------------------+---------------------------------+
|                        MY_ASSP  |                          OFF**  |
+---------------------------------+---------------------------------+
|               ONE_TIME_PROGRAM  |                          OFF**  |
+---------------------------------+---------------------------------+
|                 ENABLE_TRANSFR  |                      DISABLE**  |
+---------------------------------+---------------------------------+
|                  SHAREDEBRINIT  |                      DISABLE**  |
+---------------------------------+---------------------------------+
|            BACKGROUND_RECONFIG  |                          OFF**  |
+---------------------------------+---------------------------------+
 *  Default setting.
 ** The specified setting matches the default setting.


Creating bit map...
 
Bitstream Status: Final           Version 1.90.
 
Saving bit stream in "Vivaz_MachXO2_impl1.bit".
