Active-HDL 10.2.3312.5682  2016-08-23 16:47:28

Elaboration top modules:
Architecture                  behavior(testbench)


----------------------------------------------------------------------------------------------------------------------------
Entity                                  | Architecture | Library   | Info | Compiler Version          | Compilation Options
----------------------------------------------------------------------------------------------------------------------------
testbench                               | behavior     | work      |      | 10.2.3312.5682  (Windows) | -O3
top                                     | structure    | work      |      | 10.2.3312.5682  (Windows) | -O3
SLICE_0                                 | structure    | work      |      | 10.2.3312.5682  (Windows) | -O3
SLICE_1                                 | structure    | work      |      | 10.2.3312.5682  (Windows) | -O3
SLICE_2                                 | structure    | work      |      | 10.2.3312.5682  (Windows) | -O3
SLICE_3                                 | structure    | work      |      | 10.2.3312.5682  (Windows) | -O3
inst_commanddataarbiter_SLICE_4         | structure    | work      |      | 10.2.3312.5682  (Windows) | -O3
inst_commanddataarbiter_SLICE_5         | structure    | work      |      | 10.2.3312.5682  (Windows) | -O3
inst_commanddataarbiter_SLICE_6         | structure    | work      |      | 10.2.3312.5682  (Windows) | -O3
inst_commanddataarbiter_SLICE_7         | structure    | work      |      | 10.2.3312.5682  (Windows) | -O3
inst_commanddataarbiter_SLICE_8         | structure    | work      |      | 10.2.3312.5682  (Windows) | -O3
inst_commanddataarbiter_SLICE_9         | structure    | work      |      | 10.2.3312.5682  (Windows) | -O3
inst_commanddataarbiter_SLICE_10        | structure    | work      |      | 10.2.3312.5682  (Windows) | -O3
inst_commanddataarbiter_SLICE_11        | structure    | work      |      | 10.2.3312.5682  (Windows) | -O3
inst_commanddataarbiter_SLICE_12        | structure    | work      |      | 10.2.3312.5682  (Windows) | -O3
inst_debounce1_SLICE_13                 | structure    | work      |      | 10.2.3312.5682  (Windows) | -O3
inst_debounce1_SLICE_14                 | structure    | work      |      | 10.2.3312.5682  (Windows) | -O3
inst_debounce1_SLICE_15                 | structure    | work      |      | 10.2.3312.5682  (Windows) | -O3
inst_debounce1_SLICE_16                 | structure    | work      |      | 10.2.3312.5682  (Windows) | -O3
inst_debounce1_SLICE_17                 | structure    | work      |      | 10.2.3312.5682  (Windows) | -O3
inst_debounce1_SLICE_18                 | structure    | work      |      | 10.2.3312.5682  (Windows) | -O3
inst_debounce1_SLICE_19                 | structure    | work      |      | 10.2.3312.5682  (Windows) | -O3
inst_debounce1_SLICE_20                 | structure    | work      |      | 10.2.3312.5682  (Windows) | -O3
inst_debounce1_SLICE_21                 | structure    | work      |      | 10.2.3312.5682  (Windows) | -O3
inst_debounce1_SLICE_22                 | structure    | work      |      | 10.2.3312.5682  (Windows) | -O3
inst_debounce1_SLICE_23                 | structure    | work      |      | 10.2.3312.5682  (Windows) | -O3
inst_resetroutine_SLICE_24              | structure    | work      |      | 10.2.3312.5682  (Windows) | -O3
inst_resetroutine_SLICE_25              | structure    | work      |      | 10.2.3312.5682  (Windows) | -O3
inst_resetroutine_SLICE_26              | structure    | work      |      | 10.2.3312.5682  (Windows) | -O3
inst_resetroutine_SLICE_27              | structure    | work      |      | 10.2.3312.5682  (Windows) | -O3
inst_writecommanddata_SLICE_28          | structure    | work      |      | 10.2.3312.5682  (Windows) | -O3
inst_writecommanddata_SLICE_29          | structure    | work      |      | 10.2.3312.5682  (Windows) | -O3
inst_writecommanddata_SLICE_30          | structure    | work      |      | 10.2.3312.5682  (Windows) | -O3
inst_writecommanddata_SLICE_31          | structure    | work      |      | 10.2.3312.5682  (Windows) | -O3
inst_writecommanddata_SLICE_32          | structure    | work      |      | 10.2.3312.5682  (Windows) | -O3
inst_writecommanddata_SLICE_33          | structure    | work      |      | 10.2.3312.5682  (Windows) | -O3
inst_writecommanddata_SLICE_34          | structure    | work      |      | 10.2.3312.5682  (Windows) | -O3
inst_writecommanddata_SLICE_35          | structure    | work      |      | 10.2.3312.5682  (Windows) | -O3
inst_writecommanddata_SLICE_36          | structure    | work      |      | 10.2.3312.5682  (Windows) | -O3
inst_fillcolor_SLICE_37                 | structure    | work      |      | 10.2.3312.5682  (Windows) | -O3
inst_fillcolor_SLICE_38                 | structure    | work      |      | 10.2.3312.5682  (Windows) | -O3
inst_fillcolor_SLICE_39                 | structure    | work      |      | 10.2.3312.5682  (Windows) | -O3
inst_fillcolor_SLICE_40                 | structure    | work      |      | 10.2.3312.5682  (Windows) | -O3
inst_fillcolor_SLICE_41                 | structure    | work      |      | 10.2.3312.5682  (Windows) | -O3
inst_fillcolor_SLICE_42                 | structure    | work      |      | 10.2.3312.5682  (Windows) | -O3
inst_fillcolor_SLICE_43                 | structure    | work      |      | 10.2.3312.5682  (Windows) | -O3
inst_fillcolor_SLICE_44                 | structure    | work      |      | 10.2.3312.5682  (Windows) | -O3
inst_fillcolor_SLICE_45                 | structure    | work      |      | 10.2.3312.5682  (Windows) | -O3
inst_clkdivider_SLICE_46                | structure    | work      |      | 10.2.3312.5682  (Windows) | -O3
inst_clkdivider_SLICE_47                | structure    | work      |      | 10.2.3312.5682  (Windows) | -O3
inst_clkdivider_SLICE_48                | structure    | work      |      | 10.2.3312.5682  (Windows) | -O3
inst_clkdivider_SLICE_49                | structure    | work      |      | 10.2.3312.5682  (Windows) | -O3
inst_clkdivider_SLICE_50                | structure    | work      |      | 10.2.3312.5682  (Windows) | -O3
inst_clkdivider_SLICE_51                | structure    | work      |      | 10.2.3312.5682  (Windows) | -O3
inst_clkdivider_SLICE_52                | structure    | work      |      | 10.2.3312.5682  (Windows) | -O3
inst_clkdivider_SLICE_53                | structure    | work      |      | 10.2.3312.5682  (Windows) | -O3
inst_debounce3_SLICE_54                 | structure    | work      |      | 10.2.3312.5682  (Windows) | -O3
inst_debounce3_SLICE_55                 | structure    | work      |      | 10.2.3312.5682  (Windows) | -O3
inst_debounce3_SLICE_56                 | structure    | work      |      | 10.2.3312.5682  (Windows) | -O3
inst_debounce3_SLICE_57                 | structure    | work      |      | 10.2.3312.5682  (Windows) | -O3
inst_debounce3_SLICE_58                 | structure    | work      |      | 10.2.3312.5682  (Windows) | -O3
inst_debounce3_SLICE_59                 | structure    | work      |      | 10.2.3312.5682  (Windows) | -O3
inst_debounce3_SLICE_60                 | structure    | work      |      | 10.2.3312.5682  (Windows) | -O3
inst_debounce3_SLICE_61                 | structure    | work      |      | 10.2.3312.5682  (Windows) | -O3
inst_debounce3_SLICE_62                 | structure    | work      |      | 10.2.3312.5682  (Windows) | -O3
inst_debounce3_SLICE_63                 | structure    | work      |      | 10.2.3312.5682  (Windows) | -O3
inst_debounce3_SLICE_64                 | structure    | work      |      | 10.2.3312.5682  (Windows) | -O3
SLICE_65                                | structure    | work      |      | 10.2.3312.5682  (Windows) | -O3
inst_fsm_init_SLICE_66                  | structure    | work      |      | 10.2.3312.5682  (Windows) | -O3
inst_clkdivider_SLICE_67                | structure    | work      |      | 10.2.3312.5682  (Windows) | -O3
inst_fsm_init_SLICE_68                  | structure    | work      |      | 10.2.3312.5682  (Windows) | -O3
inst_fsm_init_SLICE_69                  | structure    | work      |      | 10.2.3312.5682  (Windows) | -O3
inst_fsm_init_SLICE_70                  | structure    | work      |      | 10.2.3312.5682  (Windows) | -O3
inst_fsm_init_SLICE_71                  | structure    | work      |      | 10.2.3312.5682  (Windows) | -O3
inst_setbacklight_SLICE_72              | structure    | work      |      | 10.2.3312.5682  (Windows) | -O3
inst_fsm_init_SLICE_73                  | structure    | work      |      | 10.2.3312.5682  (Windows) | -O3
SLICE_74                                | structure    | work      |      | 10.2.3312.5682  (Windows) | -O3
inst_fillcolor_SLICE_75                 | structure    | work      |      | 10.2.3312.5682  (Windows) | -O3
SLICE_76                                | structure    | work      |      | 10.2.3312.5682  (Windows) | -O3
inst_fillcolor_SLICE_77                 | structure    | work      |      | 10.2.3312.5682  (Windows) | -O3
inst_resetroutine_SLICE_78              | structure    | work      |      | 10.2.3312.5682  (Windows) | -O3
inst_commanddataarbiter_SLICE_79        | structure    | work      |      | 10.2.3312.5682  (Windows) | -O3
inst_movetopoint_SLICE_80               | structure    | work      |      | 10.2.3312.5682  (Windows) | -O3
inst_fsm_init_SLICE_81                  | structure    | work      |      | 10.2.3312.5682  (Windows) | -O3
inst_commanddataarbiter_SLICE_82        | structure    | work      |      | 10.2.3312.5682  (Windows) | -O3
inst_movetopoint_SLICE_83               | structure    | work      |      | 10.2.3312.5682  (Windows) | -O3
SLICE_84                                | structure    | work      |      | 10.2.3312.5682  (Windows) | -O3
inst_commanddataarbiter_SLICE_85        | structure    | work      |      | 10.2.3312.5682  (Windows) | -O3
inst_movetopoint_SLICE_86               | structure    | work      |      | 10.2.3312.5682  (Windows) | -O3
SLICE_87                                | structure    | work      |      | 10.2.3312.5682  (Windows) | -O3
inst_fsm_init_SLICE_88                  | structure    | work      |      | 10.2.3312.5682  (Windows) | -O3
SLICE_89                                | structure    | work      |      | 10.2.3312.5682  (Windows) | -O3
SLICE_90                                | structure    | work      |      | 10.2.3312.5682  (Windows) | -O3
inst_fsm_init_SLICE_91                  | structure    | work      |      | 10.2.3312.5682  (Windows) | -O3
inst_fsm_init_SLICE_92                  | structure    | work      |      | 10.2.3312.5682  (Windows) | -O3
SLICE_94                                | structure    | work      |      | 10.2.3312.5682  (Windows) | -O3
inst_commanddataarbiter_SLICE_96        | structure    | work      |      | 10.2.3312.5682  (Windows) | -O3
inst_commanddataarbiter_SLICE_97        | structure    | work      |      | 10.2.3312.5682  (Windows) | -O3
inst_fillcolor_SLICE_101                | structure    | work      |      | 10.2.3312.5682  (Windows) | -O3
inst_fillcolor_SLICE_102                | structure    | work      |      | 10.2.3312.5682  (Windows) | -O3
inst_fillcolor_SLICE_103                | structure    | work      |      | 10.2.3312.5682  (Windows) | -O3
inst_fillcolor_SLICE_104                | structure    | work      |      | 10.2.3312.5682  (Windows) | -O3
inst_fillcolor_SLICE_105                | structure    | work      |      | 10.2.3312.5682  (Windows) | -O3
inst_fillcolor_SLICE_106                | structure    | work      |      | 10.2.3312.5682  (Windows) | -O3
inst_fsm_init_SLICE_107                 | structure    | work      |      | 10.2.3312.5682  (Windows) | -O3
SLICE_108                               | structure    | work      |      | 10.2.3312.5682  (Windows) | -O3
inst_fsm_init_SLICE_110                 | structure    | work      |      | 10.2.3312.5682  (Windows) | -O3
SLICE_111                               | structure    | work      |      | 10.2.3312.5682  (Windows) | -O3
inst_fsm_init_SLICE_113                 | structure    | work      |      | 10.2.3312.5682  (Windows) | -O3
SLICE_114                               | structure    | work      |      | 10.2.3312.5682  (Windows) | -O3
inst_fsm_init_SLICE_116                 | structure    | work      |      | 10.2.3312.5682  (Windows) | -O3
SLICE_117                               | structure    | work      |      | 10.2.3312.5682  (Windows) | -O3
inst_fsm_init_SLICE_119                 | structure    | work      |      | 10.2.3312.5682  (Windows) | -O3
SLICE_120                               | structure    | work      |      | 10.2.3312.5682  (Windows) | -O3
inst_fsm_init_SLICE_122                 | structure    | work      |      | 10.2.3312.5682  (Windows) | -O3
SLICE_123                               | structure    | work      |      | 10.2.3312.5682  (Windows) | -O3
inst_fsm_init_SLICE_125                 | structure    | work      |      | 10.2.3312.5682  (Windows) | -O3
SLICE_126                               | structure    | work      |      | 10.2.3312.5682  (Windows) | -O3
inst_fsm_init_SLICE_128                 | structure    | work      |      | 10.2.3312.5682  (Windows) | -O3
SLICE_129                               | structure    | work      |      | 10.2.3312.5682  (Windows) | -O3
inst_fsm_init_SLICE_131                 | structure    | work      |      | 10.2.3312.5682  (Windows) | -O3
SLICE_132                               | structure    | work      |      | 10.2.3312.5682  (Windows) | -O3
inst_fsm_init_SLICE_134                 | structure    | work      |      | 10.2.3312.5682  (Windows) | -O3
SLICE_135                               | structure    | work      |      | 10.2.3312.5682  (Windows) | -O3
inst_fsm_init_SLICE_137                 | structure    | work      |      | 10.2.3312.5682  (Windows) | -O3
SLICE_138                               | structure    | work      |      | 10.2.3312.5682  (Windows) | -O3
inst_fsm_init_SLICE_140                 | structure    | work      |      | 10.2.3312.5682  (Windows) | -O3
SLICE_141                               | structure    | work      |      | 10.2.3312.5682  (Windows) | -O3
inst_fsm_init_SLICE_145                 | structure    | work      |      | 10.2.3312.5682  (Windows) | -O3
SLICE_146                               | structure    | work      |      | 10.2.3312.5682  (Windows) | -O3
inst_movetopoint_SLICE_147              | structure    | work      |      | 10.2.3312.5682  (Windows) | -O3
inst_resetroutine_SLICE_149             | structure    | work      |      | 10.2.3312.5682  (Windows) | -O3
inst_setbacklight_SLICE_150             | structure    | work      |      | 10.2.3312.5682  (Windows) | -O3
inst_setbacklight_SLICE_152             | structure    | work      |      | 10.2.3312.5682  (Windows) | -O3
inst_writecommanddata_SLICE_153         | structure    | work      |      | 10.2.3312.5682  (Windows) | -O3
inst_writecommanddata_SLICE_154         | structure    | work      |      | 10.2.3312.5682  (Windows) | -O3
inst_writecommanddata_SLICE_155         | structure    | work      |      | 10.2.3312.5682  (Windows) | -O3
inst_movetopoint_SLICE_157              | structure    | work      |      | 10.2.3312.5682  (Windows) | -O3
inst_movetopoint_SLICE_159              | structure    | work      |      | 10.2.3312.5682  (Windows) | -O3
inst_commanddataarbiter_SLICE_160       | structure    | work      |      | 10.2.3312.5682  (Windows) | -O3
inst_fsm_init_SLICE_161                 | structure    | work      |      | 10.2.3312.5682  (Windows) | -O3
inst_fsm_init_SLICE_162                 | structure    | work      |      | 10.2.3312.5682  (Windows) | -O3
inst_fsm_init_SLICE_163                 | structure    | work      |      | 10.2.3312.5682  (Windows) | -O3
inst_fsm_init_SLICE_164                 | structure    | work      |      | 10.2.3312.5682  (Windows) | -O3
inst_fsm_init_SLICE_165                 | structure    | work      |      | 10.2.3312.5682  (Windows) | -O3
inst_fsm_init_SLICE_166                 | structure    | work      |      | 10.2.3312.5682  (Windows) | -O3
inst_fsm_init_SLICE_167                 | structure    | work      |      | 10.2.3312.5682  (Windows) | -O3
inst_fsm_init_SLICE_168                 | structure    | work      |      | 10.2.3312.5682  (Windows) | -O3
inst_resetroutine_SLICE_169             | structure    | work      |      | 10.2.3312.5682  (Windows) | -O3
inst_setbacklight_SLICE_171             | structure    | work      |      | 10.2.3312.5682  (Windows) | -O3
inst_setbacklight_SLICE_172             | structure    | work      |      | 10.2.3312.5682  (Windows) | -O3
inst_fsm_init_SLICE_173                 | structure    | work      |      | 10.2.3312.5682  (Windows) | -O3
SLICE_175                               | structure    | work      |      | 10.2.3312.5682  (Windows) | -O3
SLICE_176                               | structure    | work      |      | 10.2.3312.5682  (Windows) | -O3
SLICE_180                               | structure    | work      |      | 10.2.3312.5682  (Windows) | -O3
SLICE_181                               | structure    | work      |      | 10.2.3312.5682  (Windows) | -O3
SLICE_182                               | structure    | work      |      | 10.2.3312.5682  (Windows) | -O3
SLICE_183                               | structure    | work      |      | 10.2.3312.5682  (Windows) | -O3
SLICE_184                               | structure    | work      |      | 10.2.3312.5682  (Windows) | -O3
inst_commanddataarbiter_SLICE_185       | structure    | work      |      | 10.2.3312.5682  (Windows) | -O3
inst_writecommanddata_SLICE_186         | structure    | work      |      | 10.2.3312.5682  (Windows) | -O3
SLICE_187                               | structure    | work      |      | 10.2.3312.5682  (Windows) | -O3
inst_commanddataarbiter_SLICE_188       | structure    | work      |      | 10.2.3312.5682  (Windows) | -O3
SLICE_189                               | structure    | work      |      | 10.2.3312.5682  (Windows) | -O3
SLICE_190                               | structure    | work      |      | 10.2.3312.5682  (Windows) | -O3
inst_commanddataarbiter_SLICE_191       | structure    | work      |      | 10.2.3312.5682  (Windows) | -O3
SLICE_192                               | structure    | work      |      | 10.2.3312.5682  (Windows) | -O3
inst_commanddataarbiter_SLICE_193       | structure    | work      |      | 10.2.3312.5682  (Windows) | -O3
SLICE_194                               | structure    | work      |      | 10.2.3312.5682  (Windows) | -O3
SLICE_195                               | structure    | work      |      | 10.2.3312.5682  (Windows) | -O3
inst_commanddataarbiter_i7341_SLICE_196 | structure    | work      |      | 10.2.3312.5682  (Windows) | -O3
inst_commanddataarbiter_i7517_SLICE_197 | structure    | work      |      | 10.2.3312.5682  (Windows) | -O3
inst_commanddataarbiter_i7497_SLICE_198 | structure    | work      |      | 10.2.3312.5682  (Windows) | -O3
inst_fsm_init_i6450_SLICE_199           | structure    | work      |      | 10.2.3312.5682  (Windows) | -O3
inst_fsm_init_mux_1145_i1_SLICE_200     | structure    | work      |      | 10.2.3312.5682  (Windows) | -O3
inst_fsm_init_i7453_SLICE_201           | structure    | work      |      | 10.2.3312.5682  (Windows) | -O3
inst_fsm_init_i7451_SLICE_202           | structure    | work      |      | 10.2.3312.5682  (Windows) | -O3
inst_fsm_init_i119_SLICE_203            | structure    | work      |      | 10.2.3312.5682  (Windows) | -O3
inst_fsm_init_i7350_SLICE_204           | structure    | work      |      | 10.2.3312.5682  (Windows) | -O3
inst_fsm_init_i7709_SLICE_205           | structure    | work      |      | 10.2.3312.5682  (Windows) | -O3
inst_fsm_init_i7348_SLICE_206           | structure    | work      |      | 10.2.3312.5682  (Windows) | -O3
inst_fsm_init_i7515_SLICE_207           | structure    | work      |      | 10.2.3312.5682  (Windows) | -O3
inst_fsm_init_i7511_SLICE_208           | structure    | work      |      | 10.2.3312.5682  (Windows) | -O3
inst_fsm_init_i7507_SLICE_209           | structure    | work      |      | 10.2.3312.5682  (Windows) | -O3
inst_fsm_init_i7503_SLICE_210           | structure    | work      |      | 10.2.3312.5682  (Windows) | -O3
inst_fsm_init_i7495_SLICE_211           | structure    | work      |      | 10.2.3312.5682  (Windows) | -O3
inst_fsm_init_i7493_SLICE_212           | structure    | work      |      | 10.2.3312.5682  (Windows) | -O3
inst_fillcolor_i7373_SLICE_213          | structure    | work      |      | 10.2.3312.5682  (Windows) | -O3
inst_fillcolor_i7489_SLICE_214          | structure    | work      |      | 10.2.3312.5682  (Windows) | -O3
inst_fillcolor_i32_SLICE_215            | structure    | work      |      | 10.2.3312.5682  (Windows) | -O3
inst_fillcolor_i7499_SLICE_216          | structure    | work      |      | 10.2.3312.5682  (Windows) | -O3
inst_movetopoint_i7474_SLICE_217        | structure    | work      |      | 10.2.3312.5682  (Windows) | -O3
inst_movetopoint_i4624_SLICE_218        | structure    | work      |      | 10.2.3312.5682  (Windows) | -O3
inst_movetopoint_i7416_SLICE_219        | structure    | work      |      | 10.2.3312.5682  (Windows) | -O3
inst_movetopoint_i7509_SLICE_220        | structure    | work      |      | 10.2.3312.5682  (Windows) | -O3
inst_setbacklight_SLICE_221             | structure    | work      |      | 10.2.3312.5682  (Windows) | -O3
inst_commanddataarbiter_SLICE_222       | structure    | work      |      | 10.2.3312.5682  (Windows) | -O3
inst_commanddataarbiter_SLICE_223       | structure    | work      |      | 10.2.3312.5682  (Windows) | -O3
SLICE_224                               | structure    | work      |      | 10.2.3312.5682  (Windows) | -O3
inst_fsm_init_SLICE_225                 | structure    | work      |      | 10.2.3312.5682  (Windows) | -O3
inst_fsm_init_SLICE_226                 | structure    | work      |      | 10.2.3312.5682  (Windows) | -O3
inst_fsm_init_SLICE_227                 | structure    | work      |      | 10.2.3312.5682  (Windows) | -O3
inst_fsm_init_SLICE_228                 | structure    | work      |      | 10.2.3312.5682  (Windows) | -O3
inst_fsm_init_SLICE_229                 | structure    | work      |      | 10.2.3312.5682  (Windows) | -O3
inst_fsm_init_SLICE_230                 | structure    | work      |      | 10.2.3312.5682  (Windows) | -O3
inst_fsm_init_SLICE_231                 | structure    | work      |      | 10.2.3312.5682  (Windows) | -O3
inst_commanddataarbiter_SLICE_232       | structure    | work      |      | 10.2.3312.5682  (Windows) | -O3
inst_commanddataarbiter_SLICE_233       | structure    | work      |      | 10.2.3312.5682  (Windows) | -O3
inst_commanddataarbiter_SLICE_234       | structure    | work      |      | 10.2.3312.5682  (Windows) | -O3
SLICE_235                               | structure    | work      |      | 10.2.3312.5682  (Windows) | -O3
SLICE_236                               | structure    | work      |      | 10.2.3312.5682  (Windows) | -O3
inst_commanddataarbiter_SLICE_237       | structure    | work      |      | 10.2.3312.5682  (Windows) | -O3
inst_commanddataarbiter_SLICE_238       | structure    | work      |      | 10.2.3312.5682  (Windows) | -O3
inst_commanddataarbiter_SLICE_239       | structure    | work      |      | 10.2.3312.5682  (Windows) | -O3
inst_debounce1_SLICE_240                | structure    | work      |      | 10.2.3312.5682  (Windows) | -O3
SLICE_241                               | structure    | work      |      | 10.2.3312.5682  (Windows) | -O3
SLICE_242                               | structure    | work      |      | 10.2.3312.5682  (Windows) | -O3
inst_resetroutine_SLICE_243             | structure    | work      |      | 10.2.3312.5682  (Windows) | -O3
inst_resetroutine_SLICE_244             | structure    | work      |      | 10.2.3312.5682  (Windows) | -O3
SLICE_245                               | structure    | work      |      | 10.2.3312.5682  (Windows) | -O3
SLICE_246                               | structure    | work      |      | 10.2.3312.5682  (Windows) | -O3
inst_setbacklight_SLICE_247             | structure    | work      |      | 10.2.3312.5682  (Windows) | -O3
inst_setbacklight_SLICE_248             | structure    | work      |      | 10.2.3312.5682  (Windows) | -O3
inst_setbacklight_SLICE_249             | structure    | work      |      | 10.2.3312.5682  (Windows) | -O3
inst_setbacklight_SLICE_250             | structure    | work      |      | 10.2.3312.5682  (Windows) | -O3
inst_setbacklight_SLICE_251             | structure    | work      |      | 10.2.3312.5682  (Windows) | -O3
SLICE_252                               | structure    | work      |      | 10.2.3312.5682  (Windows) | -O3
inst_writecommanddata_SLICE_253         | structure    | work      |      | 10.2.3312.5682  (Windows) | -O3
inst_writecommanddata_SLICE_254         | structure    | work      |      | 10.2.3312.5682  (Windows) | -O3
inst_fsm_init_SLICE_255                 | structure    | work      |      | 10.2.3312.5682  (Windows) | -O3
inst_fsm_init_SLICE_256                 | structure    | work      |      | 10.2.3312.5682  (Windows) | -O3
inst_fsm_init_SLICE_257                 | structure    | work      |      | 10.2.3312.5682  (Windows) | -O3
inst_fsm_init_SLICE_258                 | structure    | work      |      | 10.2.3312.5682  (Windows) | -O3
inst_fsm_init_SLICE_259                 | structure    | work      |      | 10.2.3312.5682  (Windows) | -O3
inst_fsm_init_SLICE_260                 | structure    | work      |      | 10.2.3312.5682  (Windows) | -O3
inst_fsm_init_SLICE_261                 | structure    | work      |      | 10.2.3312.5682  (Windows) | -O3
inst_fsm_init_SLICE_262                 | structure    | work      |      | 10.2.3312.5682  (Windows) | -O3
inst_fsm_init_SLICE_263                 | structure    | work      |      | 10.2.3312.5682  (Windows) | -O3
inst_fsm_init_SLICE_264                 | structure    | work      |      | 10.2.3312.5682  (Windows) | -O3
inst_fsm_init_SLICE_265                 | structure    | work      |      | 10.2.3312.5682  (Windows) | -O3
SLICE_266                               | structure    | work      |      | 10.2.3312.5682  (Windows) | -O3
inst_fsm_init_SLICE_267                 | structure    | work      |      | 10.2.3312.5682  (Windows) | -O3
inst_fsm_init_SLICE_268                 | structure    | work      |      | 10.2.3312.5682  (Windows) | -O3
inst_fsm_init_SLICE_269                 | structure    | work      |      | 10.2.3312.5682  (Windows) | -O3
inst_fsm_init_SLICE_270                 | structure    | work      |      | 10.2.3312.5682  (Windows) | -O3
inst_fsm_init_SLICE_271                 | structure    | work      |      | 10.2.3312.5682  (Windows) | -O3
inst_fsm_init_SLICE_272                 | structure    | work      |      | 10.2.3312.5682  (Windows) | -O3
inst_fsm_init_SLICE_273                 | structure    | work      |      | 10.2.3312.5682  (Windows) | -O3
inst_fsm_init_SLICE_274                 | structure    | work      |      | 10.2.3312.5682  (Windows) | -O3
inst_fsm_init_SLICE_275                 | structure    | work      |      | 10.2.3312.5682  (Windows) | -O3
inst_fsm_init_SLICE_276                 | structure    | work      |      | 10.2.3312.5682  (Windows) | -O3
inst_fsm_init_SLICE_277                 | structure    | work      |      | 10.2.3312.5682  (Windows) | -O3
inst_fsm_init_SLICE_278                 | structure    | work      |      | 10.2.3312.5682  (Windows) | -O3
inst_fsm_init_SLICE_279                 | structure    | work      |      | 10.2.3312.5682  (Windows) | -O3
inst_fsm_init_SLICE_280                 | structure    | work      |      | 10.2.3312.5682  (Windows) | -O3
inst_fsm_init_SLICE_281                 | structure    | work      |      | 10.2.3312.5682  (Windows) | -O3
inst_fsm_init_SLICE_282                 | structure    | work      |      | 10.2.3312.5682  (Windows) | -O3
inst_fsm_init_SLICE_283                 | structure    | work      |      | 10.2.3312.5682  (Windows) | -O3
inst_fsm_init_SLICE_284                 | structure    | work      |      | 10.2.3312.5682  (Windows) | -O3
inst_fsm_init_SLICE_285                 | structure    | work      |      | 10.2.3312.5682  (Windows) | -O3
inst_fsm_init_SLICE_286                 | structure    | work      |      | 10.2.3312.5682  (Windows) | -O3
inst_fsm_init_SLICE_287                 | structure    | work      |      | 10.2.3312.5682  (Windows) | -O3
inst_fsm_init_SLICE_288                 | structure    | work      |      | 10.2.3312.5682  (Windows) | -O3
inst_fillcolor_SLICE_289                | structure    | work      |      | 10.2.3312.5682  (Windows) | -O3
SLICE_290                               | structure    | work      |      | 10.2.3312.5682  (Windows) | -O3
inst_clkdivider_SLICE_291               | structure    | work      |      | 10.2.3312.5682  (Windows) | -O3
inst_clkdivider_SLICE_292               | structure    | work      |      | 10.2.3312.5682  (Windows) | -O3
inst_clkdivider_SLICE_293               | structure    | work      |      | 10.2.3312.5682  (Windows) | -O3
SLICE_294                               | structure    | work      |      | 10.2.3312.5682  (Windows) | -O3
inst_movetopoint_SLICE_295              | structure    | work      |      | 10.2.3312.5682  (Windows) | -O3
inst_movetopoint_SLICE_296              | structure    | work      |      | 10.2.3312.5682  (Windows) | -O3
inst_debounce3_SLICE_297                | structure    | work      |      | 10.2.3312.5682  (Windows) | -O3
SLICE_298                               | structure    | work      |      | 10.2.3312.5682  (Windows) | -O3
SLICE_299                               | structure    | work      |      | 10.2.3312.5682  (Windows) | -O3
SLICE_300                               | structure    | work      |      | 10.2.3312.5682  (Windows) | -O3
SLICE_301                               | structure    | work      |      | 10.2.3312.5682  (Windows) | -O3
inst_commanddataarbiter_SLICE_302       | structure    | work      |      | 10.2.3312.5682  (Windows) | -O3
inst_setbacklight_SLICE_303             | structure    | work      |      | 10.2.3312.5682  (Windows) | -O3
inst_fsm_init_SLICE_304                 | structure    | work      |      | 10.2.3312.5682  (Windows) | -O3
inst_fsm_init_SLICE_305                 | structure    | work      |      | 10.2.3312.5682  (Windows) | -O3
inst_fsm_init_SLICE_306                 | structure    | work      |      | 10.2.3312.5682  (Windows) | -O3
inst_fsm_init_SLICE_307                 | structure    | work      |      | 10.2.3312.5682  (Windows) | -O3
inst_fsm_init_SLICE_308                 | structure    | work      |      | 10.2.3312.5682  (Windows) | -O3
inst_fsm_init_SLICE_309                 | structure    | work      |      | 10.2.3312.5682  (Windows) | -O3
inst_fsm_init_SLICE_310                 | structure    | work      |      | 10.2.3312.5682  (Windows) | -O3
inst_fsm_init_SLICE_311                 | structure    | work      |      | 10.2.3312.5682  (Windows) | -O3
inst_fsm_init_SLICE_312                 | structure    | work      |      | 10.2.3312.5682  (Windows) | -O3
inst_fsm_init_SLICE_313                 | structure    | work      |      | 10.2.3312.5682  (Windows) | -O3
inst_debounce1_SLICE_314                | structure    | work      |      | 10.2.3312.5682  (Windows) | -O3
inst_resetroutine_SLICE_315             | structure    | work      |      | 10.2.3312.5682  (Windows) | -O3
inst_setbacklight_SLICE_316             | structure    | work      |      | 10.2.3312.5682  (Windows) | -O3
inst_fsm_init_SLICE_317                 | structure    | work      |      | 10.2.3312.5682  (Windows) | -O3
inst_fsm_init_SLICE_318                 | structure    | work      |      | 10.2.3312.5682  (Windows) | -O3
inst_fsm_init_SLICE_319                 | structure    | work      |      | 10.2.3312.5682  (Windows) | -O3
inst_fsm_init_SLICE_320                 | structure    | work      |      | 10.2.3312.5682  (Windows) | -O3
inst_fsm_init_SLICE_321                 | structure    | work      |      | 10.2.3312.5682  (Windows) | -O3
inst_movetopoint_SLICE_322              | structure    | work      |      | 10.2.3312.5682  (Windows) | -O3
inst_debounce3_SLICE_323                | structure    | work      |      | 10.2.3312.5682  (Windows) | -O3
inst_commanddataarbiter_SLICE_324       | structure    | work      |      | 10.2.3312.5682  (Windows) | -O3
inst_commanddataarbiter_SLICE_325       | structure    | work      |      | 10.2.3312.5682  (Windows) | -O3
inst_fsm_init_SLICE_326                 | structure    | work      |      | 10.2.3312.5682  (Windows) | -O3
SLICE_327                               | structure    | work      |      | 10.2.3312.5682  (Windows) | -O3
inst_fsm_init_SLICE_328                 | structure    | work      |      | 10.2.3312.5682  (Windows) | -O3
inst_fsm_init_SLICE_329                 | structure    | work      |      | 10.2.3312.5682  (Windows) | -O3
inst_fsm_init_SLICE_330                 | structure    | work      |      | 10.2.3312.5682  (Windows) | -O3
SLICE_331                               | structure    | work      |      | 10.2.3312.5682  (Windows) | -O3
inst_commanddataarbiter_SLICE_332       | structure    | work      |      | 10.2.3312.5682  (Windows) | -O3
led30_0_B                               | structure    | work      |      | 10.2.3312.5682  (Windows) | -O3
led30_1_B                               | structure    | work      |      | 10.2.3312.5682  (Windows) | -O3
led30_2_B                               | structure    | work      |      | 10.2.3312.5682  (Windows) | -O3
led30_3_B                               | structure    | work      |      | 10.2.3312.5682  (Windows) | -O3
led67_1_B                               | structure    | work      |      | 10.2.3312.5682  (Windows) | -O3
led67_0_B                               | structure    | work      |      | 10.2.3312.5682  (Windows) | -O3
CH1B                                    | structure    | work      |      | 10.2.3312.5682  (Windows) | -O3
CH2B                                    | structure    | work      |      | 10.2.3312.5682  (Windows) | -O3
CH3B                                    | structure    | work      |      | 10.2.3312.5682  (Windows) | -O3
CH4B                                    | structure    | work      |      | 10.2.3312.5682  (Windows) | -O3
vivaz_RSB                               | structure    | work      |      | 10.2.3312.5682  (Windows) | -O3
vivaz_RESETB                            | structure    | work      |      | 10.2.3312.5682  (Windows) | -O3
vivaz_WRB                               | structure    | work      |      | 10.2.3312.5682  (Windows) | -O3
vivaz_D015_15_B                         | structure    | work      |      | 10.2.3312.5682  (Windows) | -O3
vivaz_D015_14_B                         | structure    | work      |      | 10.2.3312.5682  (Windows) | -O3
vivaz_D015_13_B                         | structure    | work      |      | 10.2.3312.5682  (Windows) | -O3
vivaz_D015_12_B                         | structure    | work      |      | 10.2.3312.5682  (Windows) | -O3
vivaz_D015_11_B                         | structure    | work      |      | 10.2.3312.5682  (Windows) | -O3
vivaz_D015_10_B                         | structure    | work      |      | 10.2.3312.5682  (Windows) | -O3
vivaz_D015_9_B                          | structure    | work      |      | 10.2.3312.5682  (Windows) | -O3
vivaz_D015_8_B                          | structure    | work      |      | 10.2.3312.5682  (Windows) | -O3
vivaz_D015_7_B                          | structure    | work      |      | 10.2.3312.5682  (Windows) | -O3
vivaz_D015_6_B                          | structure    | work      |      | 10.2.3312.5682  (Windows) | -O3
vivaz_D015_5_B                          | structure    | work      |      | 10.2.3312.5682  (Windows) | -O3
vivaz_D015_4_B                          | structure    | work      |      | 10.2.3312.5682  (Windows) | -O3
vivaz_D015_3_B                          | structure    | work      |      | 10.2.3312.5682  (Windows) | -O3
vivaz_D015_2_B                          | structure    | work      |      | 10.2.3312.5682  (Windows) | -O3
vivaz_D015_1_B                          | structure    | work      |      | 10.2.3312.5682  (Windows) | -O3
vivaz_D015_0_B                          | structure    | work      |      | 10.2.3312.5682  (Windows) | -O3
pb1B                                    | structure    | work      |      | 10.2.3312.5682  (Windows) | -O3
main_resetB                             | structure    | work      |      | 10.2.3312.5682  (Windows) | -O3
tb_clkB                                 | structure    | work      |      | 10.2.3312.5682  (Windows) | -O3
OSCInst0                                | structure    | work      |      | 10.2.3312.5682  (Windows) | -O3
GSR_INSTB                               | structure    | work      |      | 10.2.3312.5682  (Windows) | -O3
pur                                     | v            | machxo2   |      | 10.2.3312.5682  (Windows) | -vendor lattice
ccu2B0                                  | structure    | work      |      | 10.2.3312.5682  (Windows) | -O3
gnd                                     | structure    | work      |      | 10.2.3312.5682  (Windows) | -O3
ccu2d                                   | bev          | machxo2   |      | 10.2.3312.5682  (Windows) | -vendor lattice
vlo                                     | v            | machxo2   |      | 10.2.3312.5682  (Windows) | -vendor lattice
ccu20001                                | structure    | work      |      | 10.2.3312.5682  (Windows) | -O3
vmuxregsre                              | structure    | work      |      | 10.2.3312.5682  (Windows) | -O3
vcc                                     | structure    | work      |      | 10.2.3312.5682  (Windows) | -O3
ccu20002                                | structure    | work      |      | 10.2.3312.5682  (Windows) | -O3
fl1p3iy                                 | v            | machxo2   |      | 10.2.3312.5682  (Windows) | -vendor lattice
vhi                                     | v            | machxo2   |      | 10.2.3312.5682  (Windows) | -vendor lattice
ccu20003                                | structure    | work      |      | 10.2.3312.5682  (Windows) | -O3
ccu20004                                | structure    | work      |      | 10.2.3312.5682  (Windows) | -O3
ccu20005                                | structure    | work      |      | 10.2.3312.5682  (Windows) | -O3
ccu20006                                | structure    | work      |      | 10.2.3312.5682  (Windows) | -O3
ccu20007                                | structure    | work      |      | 10.2.3312.5682  (Windows) | -O3
ccu20008                                | structure    | work      |      | 10.2.3312.5682  (Windows) | -O3
ccu20009                                | structure    | work      |      | 10.2.3312.5682  (Windows) | -O3
ccu20010                                | structure    | work      |      | 10.2.3312.5682  (Windows) | -O3
ccu20011                                | structure    | work      |      | 10.2.3312.5682  (Windows) | -O3
ccu20012                                | structure    | work      |      | 10.2.3312.5682  (Windows) | -O3
vmuxregsre0013                          | structure    | work      |      | 10.2.3312.5682  (Windows) | -O3
ccu20014                                | structure    | work      |      | 10.2.3312.5682  (Windows) | -O3
lut4                                    | structure    | work      |      | 10.2.3312.5682  (Windows) | -O3
lut40015                                | structure    | work      |      | 10.2.3312.5682  (Windows) | -O3
vmuxregsre0016                          | structure    | work      |      | 10.2.3312.5682  (Windows) | -O3
rom16x1a                                | v            | machxo2   |      | 10.2.3312.5682  (Windows) | -vendor lattice
fl1p3dx                                 | v            | machxo2   |      | 10.2.3312.5682  (Windows) | -vendor lattice
lut40017                                | structure    | work      |      | 10.2.3312.5682  (Windows) | -O3
lut40018                                | structure    | work      |      | 10.2.3312.5682  (Windows) | -O3
vmuxregsre0019                          | structure    | work      |      | 10.2.3312.5682  (Windows) | -O3
lut40020                                | structure    | work      |      | 10.2.3312.5682  (Windows) | -O3
lut40021                                | structure    | work      |      | 10.2.3312.5682  (Windows) | -O3
lut40022                                | structure    | work      |      | 10.2.3312.5682  (Windows) | -O3
lut40023                                | structure    | work      |      | 10.2.3312.5682  (Windows) | -O3
lut40024                                | structure    | work      |      | 10.2.3312.5682  (Windows) | -O3
lut40025                                | structure    | work      |      | 10.2.3312.5682  (Windows) | -O3
lut40026                                | structure    | work      |      | 10.2.3312.5682  (Windows) | -O3
lut40027                                | structure    | work      |      | 10.2.3312.5682  (Windows) | -O3
lut40028                                | structure    | work      |      | 10.2.3312.5682  (Windows) | -O3
lut40029                                | structure    | work      |      | 10.2.3312.5682  (Windows) | -O3
lut40030                                | structure    | work      |      | 10.2.3312.5682  (Windows) | -O3
lut40031                                | structure    | work      |      | 10.2.3312.5682  (Windows) | -O3
selmux2                                 | structure    | work      |      | 10.2.3312.5682  (Windows) | -O3
mux21                                   | v            | machxo2   |      | 10.2.3312.5682  (Windows) | -vendor lattice
lut40032                                | structure    | work      |      | 10.2.3312.5682  (Windows) | -O3
lut40033                                | structure    | work      |      | 10.2.3312.5682  (Windows) | -O3
lut40034                                | structure    | work      |      | 10.2.3312.5682  (Windows) | -O3
lut40035                                | structure    | work      |      | 10.2.3312.5682  (Windows) | -O3
lut40036                                | structure    | work      |      | 10.2.3312.5682  (Windows) | -O3
lut40037                                | structure    | work      |      | 10.2.3312.5682  (Windows) | -O3
lut40038                                | structure    | work      |      | 10.2.3312.5682  (Windows) | -O3
lut40039                                | structure    | work      |      | 10.2.3312.5682  (Windows) | -O3
vmuxregsre0040                          | structure    | work      |      | 10.2.3312.5682  (Windows) | -O3
fl1p3jy                                 | v            | machxo2   |      | 10.2.3312.5682  (Windows) | -vendor lattice
lut40041                                | structure    | work      |      | 10.2.3312.5682  (Windows) | -O3
lut40042                                | structure    | work      |      | 10.2.3312.5682  (Windows) | -O3
lut40043                                | structure    | work      |      | 10.2.3312.5682  (Windows) | -O3
lut40044                                | structure    | work      |      | 10.2.3312.5682  (Windows) | -O3
lut40045                                | structure    | work      |      | 10.2.3312.5682  (Windows) | -O3
lut40046                                | structure    | work      |      | 10.2.3312.5682  (Windows) | -O3
lut40047                                | structure    | work      |      | 10.2.3312.5682  (Windows) | -O3
lut40048                                | structure    | work      |      | 10.2.3312.5682  (Windows) | -O3
lut40049                                | structure    | work      |      | 10.2.3312.5682  (Windows) | -O3
lut40050                                | structure    | work      |      | 10.2.3312.5682  (Windows) | -O3
lut40051                                | structure    | work      |      | 10.2.3312.5682  (Windows) | -O3
lut40052                                | structure    | work      |      | 10.2.3312.5682  (Windows) | -O3
lut40053                                | structure    | work      |      | 10.2.3312.5682  (Windows) | -O3
lut40054                                | structure    | work      |      | 10.2.3312.5682  (Windows) | -O3
lut40055                                | structure    | work      |      | 10.2.3312.5682  (Windows) | -O3
lut40056                                | structure    | work      |      | 10.2.3312.5682  (Windows) | -O3
lut40057                                | structure    | work      |      | 10.2.3312.5682  (Windows) | -O3
lut40058                                | structure    | work      |      | 10.2.3312.5682  (Windows) | -O3
lut40059                                | structure    | work      |      | 10.2.3312.5682  (Windows) | -O3
lut40060                                | structure    | work      |      | 10.2.3312.5682  (Windows) | -O3
lut40061                                | structure    | work      |      | 10.2.3312.5682  (Windows) | -O3
lut40062                                | structure    | work      |      | 10.2.3312.5682  (Windows) | -O3
lut40063                                | structure    | work      |      | 10.2.3312.5682  (Windows) | -O3
lut40064                                | structure    | work      |      | 10.2.3312.5682  (Windows) | -O3
lut40065                                | structure    | work      |      | 10.2.3312.5682  (Windows) | -O3
lut40066                                | structure    | work      |      | 10.2.3312.5682  (Windows) | -O3
lut40067                                | structure    | work      |      | 10.2.3312.5682  (Windows) | -O3
lut40068                                | structure    | work      |      | 10.2.3312.5682  (Windows) | -O3
lut40069                                | structure    | work      |      | 10.2.3312.5682  (Windows) | -O3
lut40070                                | structure    | work      |      | 10.2.3312.5682  (Windows) | -O3
lut40071                                | structure    | work      |      | 10.2.3312.5682  (Windows) | -O3
lut40072                                | structure    | work      |      | 10.2.3312.5682  (Windows) | -O3
lut40073                                | structure    | work      |      | 10.2.3312.5682  (Windows) | -O3
lut40074                                | structure    | work      |      | 10.2.3312.5682  (Windows) | -O3
lut40075                                | structure    | work      |      | 10.2.3312.5682  (Windows) | -O3
lut40076                                | structure    | work      |      | 10.2.3312.5682  (Windows) | -O3
lut40077                                | structure    | work      |      | 10.2.3312.5682  (Windows) | -O3
lut40078                                | structure    | work      |      | 10.2.3312.5682  (Windows) | -O3
vmuxregsre0079                          | structure    | work      |      | 10.2.3312.5682  (Windows) | -O3
and2                                    | v            | machxo2   |      | 10.2.3312.5682  (Windows) | -vendor lattice
fl1s1d                                  | v            | machxo2   |      | 10.2.3312.5682  (Windows) | -vendor lattice
lut40080                                | structure    | work      |      | 10.2.3312.5682  (Windows) | -O3
vmuxregsre0081                          | structure    | work      |      | 10.2.3312.5682  (Windows) | -O3
fl1p3bx                                 | v            | machxo2   |      | 10.2.3312.5682  (Windows) | -vendor lattice
lut40082                                | structure    | work      |      | 10.2.3312.5682  (Windows) | -O3
lut40083                                | structure    | work      |      | 10.2.3312.5682  (Windows) | -O3
lut40084                                | structure    | work      |      | 10.2.3312.5682  (Windows) | -O3
lut40085                                | structure    | work      |      | 10.2.3312.5682  (Windows) | -O3
lut40086                                | structure    | work      |      | 10.2.3312.5682  (Windows) | -O3
lut40087                                | structure    | work      |      | 10.2.3312.5682  (Windows) | -O3
lut40088                                | structure    | work      |      | 10.2.3312.5682  (Windows) | -O3
lut40089                                | structure    | work      |      | 10.2.3312.5682  (Windows) | -O3
lut40090                                | structure    | work      |      | 10.2.3312.5682  (Windows) | -O3
lut40091                                | structure    | work      |      | 10.2.3312.5682  (Windows) | -O3
lut40092                                | structure    | work      |      | 10.2.3312.5682  (Windows) | -O3
lut40093                                | structure    | work      |      | 10.2.3312.5682  (Windows) | -O3
lut40094                                | structure    | work      |      | 10.2.3312.5682  (Windows) | -O3
lut40095                                | structure    | work      |      | 10.2.3312.5682  (Windows) | -O3
lut40096                                | structure    | work      |      | 10.2.3312.5682  (Windows) | -O3
lut40097                                | structure    | work      |      | 10.2.3312.5682  (Windows) | -O3
lut40098                                | structure    | work      |      | 10.2.3312.5682  (Windows) | -O3
inverter                                | structure    | work      |      | 10.2.3312.5682  (Windows) | -O3
inv                                     | v            | machxo2   |      | 10.2.3312.5682  (Windows) | -vendor lattice
lut40099                                | structure    | work      |      | 10.2.3312.5682  (Windows) | -O3
lut40100                                | structure    | work      |      | 10.2.3312.5682  (Windows) | -O3
lut40101                                | structure    | work      |      | 10.2.3312.5682  (Windows) | -O3
lut40102                                | structure    | work      |      | 10.2.3312.5682  (Windows) | -O3
lut40103                                | structure    | work      |      | 10.2.3312.5682  (Windows) | -O3
lut40104                                | structure    | work      |      | 10.2.3312.5682  (Windows) | -O3
lut40105                                | structure    | work      |      | 10.2.3312.5682  (Windows) | -O3
lut40106                                | structure    | work      |      | 10.2.3312.5682  (Windows) | -O3
lut40107                                | structure    | work      |      | 10.2.3312.5682  (Windows) | -O3
lut40108                                | structure    | work      |      | 10.2.3312.5682  (Windows) | -O3
lut40109                                | structure    | work      |      | 10.2.3312.5682  (Windows) | -O3
lut40110                                | structure    | work      |      | 10.2.3312.5682  (Windows) | -O3
lut40111                                | structure    | work      |      | 10.2.3312.5682  (Windows) | -O3
lut40112                                | structure    | work      |      | 10.2.3312.5682  (Windows) | -O3
lut40113                                | structure    | work      |      | 10.2.3312.5682  (Windows) | -O3
vmuxregsre0114                          | structure    | work      |      | 10.2.3312.5682  (Windows) | -O3
lut40115                                | structure    | work      |      | 10.2.3312.5682  (Windows) | -O3
lut40116                                | structure    | work      |      | 10.2.3312.5682  (Windows) | -O3
lut40117                                | structure    | work      |      | 10.2.3312.5682  (Windows) | -O3
lut40118                                | structure    | work      |      | 10.2.3312.5682  (Windows) | -O3
lut40119                                | structure    | work      |      | 10.2.3312.5682  (Windows) | -O3
lut40120                                | structure    | work      |      | 10.2.3312.5682  (Windows) | -O3
lut40121                                | structure    | work      |      | 10.2.3312.5682  (Windows) | -O3
lut40122                                | structure    | work      |      | 10.2.3312.5682  (Windows) | -O3
lut40123                                | structure    | work      |      | 10.2.3312.5682  (Windows) | -O3
lut40124                                | structure    | work      |      | 10.2.3312.5682  (Windows) | -O3
lut40125                                | structure    | work      |      | 10.2.3312.5682  (Windows) | -O3
lut40126                                | structure    | work      |      | 10.2.3312.5682  (Windows) | -O3
lut40127                                | structure    | work      |      | 10.2.3312.5682  (Windows) | -O3
lut40128                                | structure    | work      |      | 10.2.3312.5682  (Windows) | -O3
lut40129                                | structure    | work      |      | 10.2.3312.5682  (Windows) | -O3
lut40130                                | structure    | work      |      | 10.2.3312.5682  (Windows) | -O3
lut40131                                | structure    | work      |      | 10.2.3312.5682  (Windows) | -O3
lut40132                                | structure    | work      |      | 10.2.3312.5682  (Windows) | -O3
lut40133                                | structure    | work      |      | 10.2.3312.5682  (Windows) | -O3
lut40134                                | structure    | work      |      | 10.2.3312.5682  (Windows) | -O3
lut40135                                | structure    | work      |      | 10.2.3312.5682  (Windows) | -O3
lut40136                                | structure    | work      |      | 10.2.3312.5682  (Windows) | -O3
lut40137                                | structure    | work      |      | 10.2.3312.5682  (Windows) | -O3
lut40138                                | structure    | work      |      | 10.2.3312.5682  (Windows) | -O3
lut40139                                | structure    | work      |      | 10.2.3312.5682  (Windows) | -O3
lut40140                                | structure    | work      |      | 10.2.3312.5682  (Windows) | -O3
lut40141                                | structure    | work      |      | 10.2.3312.5682  (Windows) | -O3
lut40142                                | structure    | work      |      | 10.2.3312.5682  (Windows) | -O3
lut40143                                | structure    | work      |      | 10.2.3312.5682  (Windows) | -O3
lut40144                                | structure    | work      |      | 10.2.3312.5682  (Windows) | -O3
lut40145                                | structure    | work      |      | 10.2.3312.5682  (Windows) | -O3
lut40146                                | structure    | work      |      | 10.2.3312.5682  (Windows) | -O3
lut40147                                | structure    | work      |      | 10.2.3312.5682  (Windows) | -O3
lut40148                                | structure    | work      |      | 10.2.3312.5682  (Windows) | -O3
lut40149                                | structure    | work      |      | 10.2.3312.5682  (Windows) | -O3
lut40150                                | structure    | work      |      | 10.2.3312.5682  (Windows) | -O3
lut40151                                | structure    | work      |      | 10.2.3312.5682  (Windows) | -O3
lut40152                                | structure    | work      |      | 10.2.3312.5682  (Windows) | -O3
lut40153                                | structure    | work      |      | 10.2.3312.5682  (Windows) | -O3
lut40154                                | structure    | work      |      | 10.2.3312.5682  (Windows) | -O3
lut40155                                | structure    | work      |      | 10.2.3312.5682  (Windows) | -O3
lut40156                                | structure    | work      |      | 10.2.3312.5682  (Windows) | -O3
lut40157                                | structure    | work      |      | 10.2.3312.5682  (Windows) | -O3
lut40158                                | structure    | work      |      | 10.2.3312.5682  (Windows) | -O3
lut40159                                | structure    | work      |      | 10.2.3312.5682  (Windows) | -O3
lut40160                                | structure    | work      |      | 10.2.3312.5682  (Windows) | -O3
lut40161                                | structure    | work      |      | 10.2.3312.5682  (Windows) | -O3
lut40162                                | structure    | work      |      | 10.2.3312.5682  (Windows) | -O3
lut40163                                | structure    | work      |      | 10.2.3312.5682  (Windows) | -O3
lut40164                                | structure    | work      |      | 10.2.3312.5682  (Windows) | -O3
lut40165                                | structure    | work      |      | 10.2.3312.5682  (Windows) | -O3
lut40166                                | structure    | work      |      | 10.2.3312.5682  (Windows) | -O3
lut40167                                | structure    | work      |      | 10.2.3312.5682  (Windows) | -O3
lut40168                                | structure    | work      |      | 10.2.3312.5682  (Windows) | -O3
lut40169                                | structure    | work      |      | 10.2.3312.5682  (Windows) | -O3
lut40170                                | structure    | work      |      | 10.2.3312.5682  (Windows) | -O3
lut40171                                | structure    | work      |      | 10.2.3312.5682  (Windows) | -O3
lut40172                                | structure    | work      |      | 10.2.3312.5682  (Windows) | -O3
lut40173                                | structure    | work      |      | 10.2.3312.5682  (Windows) | -O3
lut40174                                | structure    | work      |      | 10.2.3312.5682  (Windows) | -O3
lut40175                                | structure    | work      |      | 10.2.3312.5682  (Windows) | -O3
lut40176                                | structure    | work      |      | 10.2.3312.5682  (Windows) | -O3
lut40177                                | structure    | work      |      | 10.2.3312.5682  (Windows) | -O3
lut40178                                | structure    | work      |      | 10.2.3312.5682  (Windows) | -O3
lut40179                                | structure    | work      |      | 10.2.3312.5682  (Windows) | -O3
lut40180                                | structure    | work      |      | 10.2.3312.5682  (Windows) | -O3
lut40181                                | structure    | work      |      | 10.2.3312.5682  (Windows) | -O3
lut40182                                | structure    | work      |      | 10.2.3312.5682  (Windows) | -O3
lut40183                                | structure    | work      |      | 10.2.3312.5682  (Windows) | -O3
lut40184                                | structure    | work      |      | 10.2.3312.5682  (Windows) | -O3
lut40185                                | structure    | work      |      | 10.2.3312.5682  (Windows) | -O3
lut40186                                | structure    | work      |      | 10.2.3312.5682  (Windows) | -O3
lut40187                                | structure    | work      |      | 10.2.3312.5682  (Windows) | -O3
lut40188                                | structure    | work      |      | 10.2.3312.5682  (Windows) | -O3
lut40189                                | structure    | work      |      | 10.2.3312.5682  (Windows) | -O3
lut40190                                | structure    | work      |      | 10.2.3312.5682  (Windows) | -O3
lut40191                                | structure    | work      |      | 10.2.3312.5682  (Windows) | -O3
lut40192                                | structure    | work      |      | 10.2.3312.5682  (Windows) | -O3
lut40193                                | structure    | work      |      | 10.2.3312.5682  (Windows) | -O3
lut40194                                | structure    | work      |      | 10.2.3312.5682  (Windows) | -O3
lut40195                                | structure    | work      |      | 10.2.3312.5682  (Windows) | -O3
lut40196                                | structure    | work      |      | 10.2.3312.5682  (Windows) | -O3
lut40197                                | structure    | work      |      | 10.2.3312.5682  (Windows) | -O3
lut40198                                | structure    | work      |      | 10.2.3312.5682  (Windows) | -O3
lut40199                                | structure    | work      |      | 10.2.3312.5682  (Windows) | -O3
lut40200                                | structure    | work      |      | 10.2.3312.5682  (Windows) | -O3
lut40201                                | structure    | work      |      | 10.2.3312.5682  (Windows) | -O3
lut40202                                | structure    | work      |      | 10.2.3312.5682  (Windows) | -O3
lut40203                                | structure    | work      |      | 10.2.3312.5682  (Windows) | -O3
lut40204                                | structure    | work      |      | 10.2.3312.5682  (Windows) | -O3
lut40205                                | structure    | work      |      | 10.2.3312.5682  (Windows) | -O3
lut40206                                | structure    | work      |      | 10.2.3312.5682  (Windows) | -O3
lut40207                                | structure    | work      |      | 10.2.3312.5682  (Windows) | -O3
lut40208                                | structure    | work      |      | 10.2.3312.5682  (Windows) | -O3
lut40209                                | structure    | work      |      | 10.2.3312.5682  (Windows) | -O3
lut40210                                | structure    | work      |      | 10.2.3312.5682  (Windows) | -O3
lut40211                                | structure    | work      |      | 10.2.3312.5682  (Windows) | -O3
lut40212                                | structure    | work      |      | 10.2.3312.5682  (Windows) | -O3
lut40213                                | structure    | work      |      | 10.2.3312.5682  (Windows) | -O3
lut40214                                | structure    | work      |      | 10.2.3312.5682  (Windows) | -O3
lut40215                                | structure    | work      |      | 10.2.3312.5682  (Windows) | -O3
lut40216                                | structure    | work      |      | 10.2.3312.5682  (Windows) | -O3
lut40217                                | structure    | work      |      | 10.2.3312.5682  (Windows) | -O3
lut40218                                | structure    | work      |      | 10.2.3312.5682  (Windows) | -O3
lut40219                                | structure    | work      |      | 10.2.3312.5682  (Windows) | -O3
lut40220                                | structure    | work      |      | 10.2.3312.5682  (Windows) | -O3
lut40221                                | structure    | work      |      | 10.2.3312.5682  (Windows) | -O3
lut40222                                | structure    | work      |      | 10.2.3312.5682  (Windows) | -O3
lut40223                                | structure    | work      |      | 10.2.3312.5682  (Windows) | -O3
lut40224                                | structure    | work      |      | 10.2.3312.5682  (Windows) | -O3
lut40225                                | structure    | work      |      | 10.2.3312.5682  (Windows) | -O3
lut40226                                | structure    | work      |      | 10.2.3312.5682  (Windows) | -O3
lut40227                                | structure    | work      |      | 10.2.3312.5682  (Windows) | -O3
lut40228                                | structure    | work      |      | 10.2.3312.5682  (Windows) | -O3
lut40229                                | structure    | work      |      | 10.2.3312.5682  (Windows) | -O3
lut40230                                | structure    | work      |      | 10.2.3312.5682  (Windows) | -O3
lut40231                                | structure    | work      |      | 10.2.3312.5682  (Windows) | -O3
lut40232                                | structure    | work      |      | 10.2.3312.5682  (Windows) | -O3
lut40233                                | structure    | work      |      | 10.2.3312.5682  (Windows) | -O3
lut40234                                | structure    | work      |      | 10.2.3312.5682  (Windows) | -O3
lut40235                                | structure    | work      |      | 10.2.3312.5682  (Windows) | -O3
lut40236                                | structure    | work      |      | 10.2.3312.5682  (Windows) | -O3
lut40237                                | structure    | work      |      | 10.2.3312.5682  (Windows) | -O3
lut40238                                | structure    | work      |      | 10.2.3312.5682  (Windows) | -O3
lut40239                                | structure    | work      |      | 10.2.3312.5682  (Windows) | -O3
lut40240                                | structure    | work      |      | 10.2.3312.5682  (Windows) | -O3
lut40241                                | structure    | work      |      | 10.2.3312.5682  (Windows) | -O3
lut40242                                | structure    | work      |      | 10.2.3312.5682  (Windows) | -O3
lut40243                                | structure    | work      |      | 10.2.3312.5682  (Windows) | -O3
lut40244                                | structure    | work      |      | 10.2.3312.5682  (Windows) | -O3
lut40245                                | structure    | work      |      | 10.2.3312.5682  (Windows) | -O3
lut40246                                | structure    | work      |      | 10.2.3312.5682  (Windows) | -O3
lut40247                                | structure    | work      |      | 10.2.3312.5682  (Windows) | -O3
lut40248                                | structure    | work      |      | 10.2.3312.5682  (Windows) | -O3
lut40249                                | structure    | work      |      | 10.2.3312.5682  (Windows) | -O3
lut40250                                | structure    | work      |      | 10.2.3312.5682  (Windows) | -O3
lut40251                                | structure    | work      |      | 10.2.3312.5682  (Windows) | -O3
lut40252                                | structure    | work      |      | 10.2.3312.5682  (Windows) | -O3
lut40253                                | structure    | work      |      | 10.2.3312.5682  (Windows) | -O3
lut40254                                | structure    | work      |      | 10.2.3312.5682  (Windows) | -O3
lut40255                                | structure    | work      |      | 10.2.3312.5682  (Windows) | -O3
lut40256                                | structure    | work      |      | 10.2.3312.5682  (Windows) | -O3
lut40257                                | structure    | work      |      | 10.2.3312.5682  (Windows) | -O3
lut40258                                | structure    | work      |      | 10.2.3312.5682  (Windows) | -O3
lut40259                                | structure    | work      |      | 10.2.3312.5682  (Windows) | -O3
lut40260                                | structure    | work      |      | 10.2.3312.5682  (Windows) | -O3
lut40261                                | structure    | work      |      | 10.2.3312.5682  (Windows) | -O3
lut40262                                | structure    | work      |      | 10.2.3312.5682  (Windows) | -O3
lut40263                                | structure    | work      |      | 10.2.3312.5682  (Windows) | -O3
lut40264                                | structure    | work      |      | 10.2.3312.5682  (Windows) | -O3
lut40265                                | structure    | work      |      | 10.2.3312.5682  (Windows) | -O3
lut40266                                | structure    | work      |      | 10.2.3312.5682  (Windows) | -O3
lut40267                                | structure    | work      |      | 10.2.3312.5682  (Windows) | -O3
lut40268                                | structure    | work      |      | 10.2.3312.5682  (Windows) | -O3
lut40269                                | structure    | work      |      | 10.2.3312.5682  (Windows) | -O3
lut40270                                | structure    | work      |      | 10.2.3312.5682  (Windows) | -O3
lut40271                                | structure    | work      |      | 10.2.3312.5682  (Windows) | -O3
lut40272                                | structure    | work      |      | 10.2.3312.5682  (Windows) | -O3
lut40273                                | structure    | work      |      | 10.2.3312.5682  (Windows) | -O3
lut40274                                | structure    | work      |      | 10.2.3312.5682  (Windows) | -O3
lut40275                                | structure    | work      |      | 10.2.3312.5682  (Windows) | -O3
lut40276                                | structure    | work      |      | 10.2.3312.5682  (Windows) | -O3
lut40277                                | structure    | work      |      | 10.2.3312.5682  (Windows) | -O3
lut40278                                | structure    | work      |      | 10.2.3312.5682  (Windows) | -O3
lut40279                                | structure    | work      |      | 10.2.3312.5682  (Windows) | -O3
lut40280                                | structure    | work      |      | 10.2.3312.5682  (Windows) | -O3
lut40281                                | structure    | work      |      | 10.2.3312.5682  (Windows) | -O3
lut40282                                | structure    | work      |      | 10.2.3312.5682  (Windows) | -O3
lut40283                                | structure    | work      |      | 10.2.3312.5682  (Windows) | -O3
lut40284                                | structure    | work      |      | 10.2.3312.5682  (Windows) | -O3
lut40285                                | structure    | work      |      | 10.2.3312.5682  (Windows) | -O3
lut40286                                | structure    | work      |      | 10.2.3312.5682  (Windows) | -O3
lut40287                                | structure    | work      |      | 10.2.3312.5682  (Windows) | -O3
lut40288                                | structure    | work      |      | 10.2.3312.5682  (Windows) | -O3
lut40289                                | structure    | work      |      | 10.2.3312.5682  (Windows) | -O3
lut40290                                | structure    | work      |      | 10.2.3312.5682  (Windows) | -O3
lut40291                                | structure    | work      |      | 10.2.3312.5682  (Windows) | -O3
lut40292                                | structure    | work      |      | 10.2.3312.5682  (Windows) | -O3
lut40293                                | structure    | work      |      | 10.2.3312.5682  (Windows) | -O3
lut40294                                | structure    | work      |      | 10.2.3312.5682  (Windows) | -O3
lut40295                                | structure    | work      |      | 10.2.3312.5682  (Windows) | -O3
lut40296                                | structure    | work      |      | 10.2.3312.5682  (Windows) | -O3
lut40297                                | structure    | work      |      | 10.2.3312.5682  (Windows) | -O3
lut40298                                | structure    | work      |      | 10.2.3312.5682  (Windows) | -O3
lut40299                                | structure    | work      |      | 10.2.3312.5682  (Windows) | -O3
lut40300                                | structure    | work      |      | 10.2.3312.5682  (Windows) | -O3
lut40301                                | structure    | work      |      | 10.2.3312.5682  (Windows) | -O3
lut40302                                | structure    | work      |      | 10.2.3312.5682  (Windows) | -O3
lut40303                                | structure    | work      |      | 10.2.3312.5682  (Windows) | -O3
lut40304                                | structure    | work      |      | 10.2.3312.5682  (Windows) | -O3
lut40305                                | structure    | work      |      | 10.2.3312.5682  (Windows) | -O3
lut40306                                | structure    | work      |      | 10.2.3312.5682  (Windows) | -O3
lut40307                                | structure    | work      |      | 10.2.3312.5682  (Windows) | -O3
lut40308                                | structure    | work      |      | 10.2.3312.5682  (Windows) | -O3
lut40309                                | structure    | work      |      | 10.2.3312.5682  (Windows) | -O3
lut40310                                | structure    | work      |      | 10.2.3312.5682  (Windows) | -O3
lut40311                                | structure    | work      |      | 10.2.3312.5682  (Windows) | -O3
lut40312                                | structure    | work      |      | 10.2.3312.5682  (Windows) | -O3
lut40313                                | structure    | work      |      | 10.2.3312.5682  (Windows) | -O3
lut40314                                | structure    | work      |      | 10.2.3312.5682  (Windows) | -O3
lut40315                                | structure    | work      |      | 10.2.3312.5682  (Windows) | -O3
lut40316                                | structure    | work      |      | 10.2.3312.5682  (Windows) | -O3
lut40317                                | structure    | work      |      | 10.2.3312.5682  (Windows) | -O3
lut40318                                | structure    | work      |      | 10.2.3312.5682  (Windows) | -O3
lut40319                                | structure    | work      |      | 10.2.3312.5682  (Windows) | -O3
lut40320                                | structure    | work      |      | 10.2.3312.5682  (Windows) | -O3
lut40321                                | structure    | work      |      | 10.2.3312.5682  (Windows) | -O3
lut40322                                | structure    | work      |      | 10.2.3312.5682  (Windows) | -O3
lut40323                                | structure    | work      |      | 10.2.3312.5682  (Windows) | -O3
lut40324                                | structure    | work      |      | 10.2.3312.5682  (Windows) | -O3
lut40325                                | structure    | work      |      | 10.2.3312.5682  (Windows) | -O3
lut40326                                | structure    | work      |      | 10.2.3312.5682  (Windows) | -O3
lut40327                                | structure    | work      |      | 10.2.3312.5682  (Windows) | -O3
lut40328                                | structure    | work      |      | 10.2.3312.5682  (Windows) | -O3
lut40329                                | structure    | work      |      | 10.2.3312.5682  (Windows) | -O3
lut40330                                | structure    | work      |      | 10.2.3312.5682  (Windows) | -O3
lut40331                                | structure    | work      |      | 10.2.3312.5682  (Windows) | -O3
lut40332                                | structure    | work      |      | 10.2.3312.5682  (Windows) | -O3
lut40333                                | structure    | work      |      | 10.2.3312.5682  (Windows) | -O3
lut40334                                | structure    | work      |      | 10.2.3312.5682  (Windows) | -O3
lut40335                                | structure    | work      |      | 10.2.3312.5682  (Windows) | -O3
lut40336                                | structure    | work      |      | 10.2.3312.5682  (Windows) | -O3
lut40337                                | structure    | work      |      | 10.2.3312.5682  (Windows) | -O3
lut40338                                | structure    | work      |      | 10.2.3312.5682  (Windows) | -O3
lut40339                                | structure    | work      |      | 10.2.3312.5682  (Windows) | -O3
lut40340                                | structure    | work      |      | 10.2.3312.5682  (Windows) | -O3
lut40341                                | structure    | work      |      | 10.2.3312.5682  (Windows) | -O3
lut40342                                | structure    | work      |      | 10.2.3312.5682  (Windows) | -O3
lut40343                                | structure    | work      |      | 10.2.3312.5682  (Windows) | -O3
lut40344                                | structure    | work      |      | 10.2.3312.5682  (Windows) | -O3
lut40345                                | structure    | work      |      | 10.2.3312.5682  (Windows) | -O3
lut40346                                | structure    | work      |      | 10.2.3312.5682  (Windows) | -O3
lut40347                                | structure    | work      |      | 10.2.3312.5682  (Windows) | -O3
lut40348                                | structure    | work      |      | 10.2.3312.5682  (Windows) | -O3
lut40349                                | structure    | work      |      | 10.2.3312.5682  (Windows) | -O3
lut40350                                | structure    | work      |      | 10.2.3312.5682  (Windows) | -O3
lut40351                                | structure    | work      |      | 10.2.3312.5682  (Windows) | -O3
lut40352                                | structure    | work      |      | 10.2.3312.5682  (Windows) | -O3
lut40353                                | structure    | work      |      | 10.2.3312.5682  (Windows) | -O3
lut40354                                | structure    | work      |      | 10.2.3312.5682  (Windows) | -O3
lut40355                                | structure    | work      |      | 10.2.3312.5682  (Windows) | -O3
lut40356                                | structure    | work      |      | 10.2.3312.5682  (Windows) | -O3
lut40357                                | structure    | work      |      | 10.2.3312.5682  (Windows) | -O3
lut40358                                | structure    | work      |      | 10.2.3312.5682  (Windows) | -O3
lut40359                                | structure    | work      |      | 10.2.3312.5682  (Windows) | -O3
lut40360                                | structure    | work      |      | 10.2.3312.5682  (Windows) | -O3
lut40361                                | structure    | work      |      | 10.2.3312.5682  (Windows) | -O3
lut40362                                | structure    | work      |      | 10.2.3312.5682  (Windows) | -O3
lut40363                                | structure    | work      |      | 10.2.3312.5682  (Windows) | -O3
lut40364                                | structure    | work      |      | 10.2.3312.5682  (Windows) | -O3
lut40365                                | structure    | work      |      | 10.2.3312.5682  (Windows) | -O3
lut40366                                | structure    | work      |      | 10.2.3312.5682  (Windows) | -O3
lut40367                                | structure    | work      |      | 10.2.3312.5682  (Windows) | -O3
lut40368                                | structure    | work      |      | 10.2.3312.5682  (Windows) | -O3
lut40369                                | structure    | work      |      | 10.2.3312.5682  (Windows) | -O3
lut40370                                | structure    | work      |      | 10.2.3312.5682  (Windows) | -O3
lut40371                                | structure    | work      |      | 10.2.3312.5682  (Windows) | -O3
lut40372                                | structure    | work      |      | 10.2.3312.5682  (Windows) | -O3
lut40373                                | structure    | work      |      | 10.2.3312.5682  (Windows) | -O3
lut40374                                | structure    | work      |      | 10.2.3312.5682  (Windows) | -O3
lut40375                                | structure    | work      |      | 10.2.3312.5682  (Windows) | -O3
lut40376                                | structure    | work      |      | 10.2.3312.5682  (Windows) | -O3
lut40377                                | structure    | work      |      | 10.2.3312.5682  (Windows) | -O3
lut40378                                | structure    | work      |      | 10.2.3312.5682  (Windows) | -O3
lut40379                                | structure    | work      |      | 10.2.3312.5682  (Windows) | -O3
lut40380                                | structure    | work      |      | 10.2.3312.5682  (Windows) | -O3
lut40381                                | structure    | work      |      | 10.2.3312.5682  (Windows) | -O3
lut40382                                | structure    | work      |      | 10.2.3312.5682  (Windows) | -O3
lut40383                                | structure    | work      |      | 10.2.3312.5682  (Windows) | -O3
lut40384                                | structure    | work      |      | 10.2.3312.5682  (Windows) | -O3
lut40385                                | structure    | work      |      | 10.2.3312.5682  (Windows) | -O3
lut40386                                | structure    | work      |      | 10.2.3312.5682  (Windows) | -O3
lut40387                                | structure    | work      |      | 10.2.3312.5682  (Windows) | -O3
lut40388                                | structure    | work      |      | 10.2.3312.5682  (Windows) | -O3
lut40389                                | structure    | work      |      | 10.2.3312.5682  (Windows) | -O3
lut40390                                | structure    | work      |      | 10.2.3312.5682  (Windows) | -O3
lut40391                                | structure    | work      |      | 10.2.3312.5682  (Windows) | -O3
lut40392                                | structure    | work      |      | 10.2.3312.5682  (Windows) | -O3
lut40393                                | structure    | work      |      | 10.2.3312.5682  (Windows) | -O3
lut40394                                | structure    | work      |      | 10.2.3312.5682  (Windows) | -O3
lut40395                                | structure    | work      |      | 10.2.3312.5682  (Windows) | -O3
lut40396                                | structure    | work      |      | 10.2.3312.5682  (Windows) | -O3
lut40397                                | structure    | work      |      | 10.2.3312.5682  (Windows) | -O3
xo2iobuf                                | structure    | work      |      | 10.2.3312.5682  (Windows) | -O3
obzpd                                   | v            | machxo2   |      | 10.2.3312.5682  (Windows) | -vendor lattice
xo2iobuf0398                            | structure    | work      |      | 10.2.3312.5682  (Windows) | -O3
ibpd                                    | v            | machxo2   |      | 10.2.3312.5682  (Windows) | -vendor lattice
OSCHB                                   | structure    | work      |      | 10.2.3312.5682  (Windows) | -O3
osch                                    | v            | machxo2   |      | 10.2.3312.5682  (Windows) | -vendor lattice
GSR5MODE                                | structure    | work      |      | 10.2.3312.5682  (Windows) | -O3
gsr                                     | v            | machxo2   |      | 10.2.3312.5682  (Windows) | -vendor lattice
----------------------------------------------------------------------------------------------------------------------------

----------------------------------------------------------------------------------------------------------------------------
VHDL Package                                           | Library   | Info | Compiler Version          | Compilation Options
----------------------------------------------------------------------------------------------------------------------------
standard                                               | std       |      |                           | <unavailable>
TEXTIO                                                 | std       |      | 10.2.3312.5682  (Windows) |  -2008
std_logic_1164                                         | ieee      |      | 10.2.3312.5682  (Windows) |  -2008
NUMERIC_STD                                            | ieee      |      | 10.2.3312.5682  (Windows) |  -2008
VITAL_Timing                                           | vital2000 |      | 10.2.3312.5682  (Windows) | <unavailable>
std_logic_arith                                        | ieee      |      | 10.2.3312.5682  (Windows) | <unavailable>
components                                             | machxo2   |      | 10.2.3312.5682  (Windows) | -vendor lattice
global                                                 | machxo2   |      | 10.2.3312.5682  (Windows) | -vendor lattice
VITAL_Primitives                                       | ieee      |      | 10.2.3312.5682  (Windows) | <unavailable>
STD_LOGIC_UNSIGNED                                     | ieee      |      | 10.2.3312.5682  (Windows) | <unavailable>
mem2                                                   | machxo2   |      | 10.2.3312.5682  (Windows) | -vendor lattice
----------------------------------------------------------------------------------------------------------------------------

----------------------------------------------------------------------------------------------------------------------------
Library                                                | Comment
----------------------------------------------------------------------------------------------------------------------------
ieee                                                   | Standard IEEE packages library
machxo2                                                | LATTICE Diamond 3.7, MACHXO2 VHDL LIBRARY
std                                                    | Standard VHDL library
vital2000                                              | Standard IEEE packages library
work                                                   | None
----------------------------------------------------------------------------------------------------------------------------
