Active-HDL 10.2.3312.5682  2016-05-18 20:49:18

Elaboration top modules:
Architecture                  behavior(testbench)


--------------------------------------------------------------------------------------------
Entity    | Architecture | Library | Info | Compiler Version          | Compilation Options
--------------------------------------------------------------------------------------------
testbench | behavior     | work    |      | 10.2.3312.5682  (Windows) | -O3
clk_div2  | beh_clk_div2 | work    |      | 10.2.3312.5682  (Windows) | -dbg
--------------------------------------------------------------------------------------------

--------------------------------------------------------------------------------------------
VHDL Package             | Library | Info | Compiler Version          | Compilation Options
--------------------------------------------------------------------------------------------
standard                 | std     |      |                           | <unavailable>
TEXTIO                   | std     |      | 10.2.3312.5682  (Windows) |  -2008
std_logic_1164           | ieee    |      | 10.2.3312.5682  (Windows) |  -2008
NUMERIC_STD              | ieee    |      | 10.2.3312.5682  (Windows) |  -2008
std_logic_arith          | ieee    |      | 10.2.3312.5682  (Windows) | <unavailable>
MATH_REAL                | ieee    |      | 10.2.3312.5682  (Windows) | <unavailable>
--------------------------------------------------------------------------------------------

--------------------------------------------------------------------------------------------
Library                  | Comment
--------------------------------------------------------------------------------------------
ieee                     | Standard IEEE packages library
std                      | Standard VHDL library
work                     | None
--------------------------------------------------------------------------------------------
